<?xml version="1.0" encoding="UTF-8"?>
<robot generator="Robot 4.1 (Python 3.8.0 on win32)" generated="20211222 15:09:09.186" rpa="false" schemaversion="2">
<suite id="s1" name="Apiautomation" source="C:\Users\maicm\Documents\GitHubMM\Dojo-API_Automatio\tests\features\apiautomation.robot">
<test id="s1-t1" name="Cenario: Buscar a listagem de todos os livros (GET em todos os livros)">
<kw name="Conectar com a minha API" library="kws_apiautomation" type="SETUP">
<kw name="Create Session" library="RequestsLibrary">
<arg>${API_BOOKS.ALIAS}</arg>
<arg>${API_BOOKS.BASE_URL}</arg>
<arg>disable_warnings=${True}</arg>
<doc>Create Session: create a HTTP session to a server</doc>
<msg timestamp="20211222 15:09:09.679" level="INFO">Creating Session using : alias=booksAPI, url=https://fakerestapi.azurewebsites.net, headers={},                     cookies={}, auth=None, timeout=None, proxies=None, verify=False,                     debug=0 </msg>
<status status="PASS" starttime="20211222 15:09:09.677" endtime="20211222 15:09:09.680"/>
</kw>
<kw name="Create Directory" library="OperatingSystem">
<var>${HEADERS}</var>
<arg>content-type=application/json</arg>
<doc>Creates the specified directory.</doc>
<msg timestamp="20211222 15:09:09.680" level="INFO" html="true">Directory '&lt;a href="file://C:\Users\maicm\Documents\GitHubMM\Dojo-API_Automatio\content-type=application\json"&gt;C:\Users\maicm\Documents\GitHubMM\Dojo-API_Automatio\content-type=application\json&lt;/a&gt;' already exists.</msg>
<msg timestamp="20211222 15:09:09.681" level="INFO">${HEADERS} = None</msg>
<status status="PASS" starttime="20211222 15:09:09.680" endtime="20211222 15:09:09.681"/>
</kw>
<kw name="Set Test Variable" library="BuiltIn">
<arg>${HEADERS}</arg>
<doc>Makes a variable available everywhere within the scope of the current test.</doc>
<msg timestamp="20211222 15:09:09.681" level="INFO">${HEADERS} = None</msg>
<status status="PASS" starttime="20211222 15:09:09.681" endtime="20211222 15:09:09.681"/>
</kw>
<status status="PASS" starttime="20211222 15:09:09.677" endtime="20211222 15:09:09.681"/>
</kw>
<kw name="Requisitar todos os livros" library="kws_apiautomation">
<kw name="GET On Session" library="RequestsLibrary">
<var>${RESPOSTA}</var>
<arg>${API_BOOKS.ALIAS}</arg>
<arg>${API_BOOKS.ENDPOINT}</arg>
<doc>Sends a GET request on a previously created HTTP Session.</doc>
<msg timestamp="20211222 15:09:12.692" level="INFO">GET Request : url=https://fakerestapi.azurewebsites.net/api/v1/Books 
 path_url=/api/v1/Books 
 headers={'User-Agent': 'python-requests/2.26.0', 'Accept-Encoding': 'gzip, deflate', 'Accept': '*/*', 'Connection': 'keep-alive'} 
 body=None 
 </msg>
<msg timestamp="20211222 15:09:12.693" level="INFO">GET Response : url=https://fakerestapi.azurewebsites.net/api/v1/Books 
 status=200, reason=OK 
 headers={'Transfer-Encoding': 'chunked', 'Content-Type': 'application/json; charset=utf-8; v=1.0', 'Server': 'Kestrel', 'api-supported-versions': '1.0', 'Date': 'Wed, 22 Dec 2021 18:09:10 GMT'} 
 body=[{"id":1,"title":"Book 1","description":"Tempor placerat est elitr no kasd stet ipsum aliquyam voluptua dolores ut ea vel adipiscing. Hendrerit eirmod esse. Lorem magna eos volutpat vero at voluptua sed eos est et eirmod dolore invidunt illum ex nam eleifend ut. Facilisis sit dolor molestie at sanctus et diam duo sed in sed at consetetur exerci amet dolor. Eros lorem et. Dignissim facilisi sit sanctus et gubergren dolore kasd est est accumsan ut molestie ipsum.\n","pageCount":100,"excerpt":"Takimata hendrerit nonumy gubergren dolore kasd velit eum ut diam aliquyam dolor euismod vero sadipscing. Erat vel at ipsum nostrud amet placerat eros diam amet. Magna lorem rebum exerci blandit consetetur dolores ut sed et option lorem sed ipsum suscipit lorem et. Consetetur takimata et id aliquam et iusto est rebum erat gubergren commodo dolor sed dolor molestie.\nSed consetetur ipsum ipsum zzril eirmod no invidunt amet amet. Et rebum aliquyam augue ut ipsum invidunt sed iriure gubergren vulputate elitr sea nam exerci no. Velit dolore consetetur amet dolores voluptua dolor dolor eos no erat eos dolor accumsan te ut ea diam. Sadipscing est justo blandit lobortis at. Dolores est ipsum ipsum. Diam sit dolores blandit blandit dolor vero consetetur dolore justo dolor sea feugait nonumy iusto iusto qui. Justo clita dolore dolores et ut. Qui amet diam dolor diam stet sed lorem. Vero justo diam vulputate justo nisl lorem sanctus et accusam eos vero sea ipsum. Et facilisis et dolore ea lorem. Autem est consequat commodo et ea sed takimata lorem clita gubergren et no clita eos sea invidunt amet ea. Ipsum ex kasd kasd dolore erat vero vero et ullamcorper odio. Et no tempor erat lorem diam kasd gubergren dignissim eleifend est et rebum. Labore stet facilisi sadipscing takimata ipsum eros sea sadipscing erat dolore sed cum adipiscing est duo est. Vel tempor dolor ut in takimata consetetur sed. Vero delenit elitr iriure dolor vulputate et hendrerit eros vero invidunt no no ullamcorper. Dolor ut velit lobortis diam ea facilisi rebum sit.\nSit erat te euismod ut. Accusam clita ex et lorem dolores dolor tation sit diam volutpat clita labore. No nulla eum te praesent et dolor at tempor tempor takimata id nonummy dolor amet vero ut rebum et. Ipsum commodo lorem magna magna eos et sanctus dolores lorem quis sit ut. Voluptua labore rebum doming ut erat duis sit. Tempor ea justo nulla no qui sit elit sed duo gubergren. Amet kasd diam kasd justo stet possim consetetur lorem lorem sit diam feugiat ipsum facilisi justo ut.\nVoluptua labore erat at vel qui feugiat feugiat laoreet consetetur. Sit labore et eirmod et dolores est rebum euismod duo nonummy. Amet sea id nonumy eirmod est cum ullamcorper ipsum lobortis consetetur tempor erat. Imperdiet no facilisi justo molestie sea takimata voluptua placerat eum et. Sit iusto nonumy. Nonumy feugiat accusam takimata justo facilisi lorem lorem labore nonumy dolore lorem est duis amet sadipscing invidunt dolor. Dolores dolor ut possim ipsum voluptua et est velit et clita. Gubergren laoreet et et iusto feugiat ea dolor magna elitr luptatum sit amet.\nElitr blandit clita ut. Eos at dolor erat dolor takimata lorem at. Dolor laoreet nonummy kasd wisi quis erat sadipscing rebum accusam nobis dolor eirmod duo tempor. Dolore accumsan est kasd et sadipscing eirmod. Aliquam veniam eu placerat justo dolores magna qui molestie elitr facer eirmod sadipscing eum dolor duis dolor magna. Sed accusam est takimata dolor augue voluptua est diam dolores liber voluptua clita vel et nonumy gubergren ea delenit. Duo nulla gubergren ut diam iusto dolor ipsum ullamcorper duo consectetuer consectetuer gubergren. Invidunt amet molestie feugiat ut invidunt veniam sea no sanctus iriure. Sit stet eirmod nostrud amet eros aliquyam sadipscing hendrerit dolor et magna sed. Cum hendrerit sit dolores amet nam feugiat consetetur ut nulla commodo gubergren. Stet est tempor ut sea eirmod dolore sadipscing elit accusam vero. Lorem stet sit lorem gubergren odio doming nonumy praesent iriure gubergren amet sit et lorem ipsum dolores et amet. Takimata ut ut augue. Eos duis et est eirmod kasd et dolore. Et invidunt sea elitr aliquip dolores eum clita duo et erat. Et ipsum possim magna dolor. Duo lorem ut sed feugiat eos sadipscing dolor suscipit magna et sadipscing et ut sit stet ullamcorper labore.\n","publishDate":"2021-12-21T18:09:11.058996+00:00"},{"id":2,"title":"Book 2","description":"Lorem magna assum rebum. Duo et ut vero labore magna takimata et autem lorem lorem ipsum kasd dolor lorem placerat voluptua lorem magna. Et et dolor facer erat ea stet. Nonummy duo sit duo kasd sed nobis lorem erat aliquyam. Et sed assum iriure et sanctus ipsum clita duo dolore accusam nonumy erat dolore at dolor rebum. Et sea aliquip labore illum tempor amet invidunt amet eum kasd consectetuer tempor eum delenit. Lorem euismod aliquip enim magna lorem gubergren lorem. Ipsum nibh takimata dolore consequat nonumy at eos accusam accusam. Vero velit elitr magna sanctus clita possim eum duis eleifend kasd dolor. Veniam imperdiet doming sit sit.\n","pageCount":200,"excerpt":"Sit labore tempor velit kasd aliquyam labore et. Ipsum lobortis duo sanctus vero ipsum. Aliquip et dolor iriure sanctus amet elitr diam sea labore kasd duis. Veniam eu kasd sadipscing consetetur dolore iriure feugiat soluta veniam feugiat takimata. Sit gubergren eu amet dolore sea sea sit ipsum consetetur ipsum mazim est ut vero stet sed luptatum. Stet dolore nulla sed lorem amet stet sed vulputate diam consetetur diam ipsum eros eos ea eu. Est gubergren quis et in diam dolore lorem dolor velit nonumy congue eos congue consetetur lorem amet. Ut amet diam dolor justo et ipsum amet gubergren amet. Ipsum euismod nulla at amet takimata ipsum ut erat. Vel dolor accusam invidunt velit et. Sadipscing ipsum sit justo assum at lobortis clita clita. Dolore erat delenit voluptua sea liber amet zzril no et justo lorem justo ipsum amet consetetur. Tempor velit takimata dolore sanctus molestie dolore aliquyam eos vero sit diam nonumy. Vulputate lorem et no clita clita feugait labore sed at consetetur feugiat. Sit iriure gubergren erat ea elit est. Gubergren elitr sit amet sed nulla amet dignissim dolores lobortis ut diam dolor et at aliquyam kasd aliquyam. Et imperdiet feugiat. Accusam et vero. Justo stet nonumy amet ea.\nSed consequat gubergren diam sed justo at nonumy lorem dolores lorem sea dolor gubergren consetetur. Ea nibh accusam at kasd sed dolor diam sed justo augue at ipsum consetetur veniam et voluptua eros eos. Sit sit erat elit vero sadipscing option at sadipscing et vero vero et liber vulputate. Diam diam dolore dolore veniam ut tempor amet. Sit et ea eirmod vero eu in. Consetetur consetetur esse ex feugait nulla rebum. Illum labore eos justo. Dolore magna ipsum vulputate delenit diam diam labore sea eos stet et. Elitr ea duis invidunt sed sed consetetur ut imperdiet voluptua consetetur diam clita molestie amet rebum duo tincidunt erat. Eos praesent dolor nulla dolore elitr ipsum vero diam autem aliquam dolore lorem amet ut labore esse luptatum elitr.\nLorem laoreet invidunt sea accusam duo no nonumy takimata sit takimata justo dolore ut amet. Autem rebum exerci nonumy stet. Tempor kasd hendrerit molestie magna clita elit euismod dolores sea sed magna euismod et stet voluptua veniam dolores. Ut ipsum feugiat. Aliquyam ipsum lorem imperdiet ea sanctus et nulla volutpat accumsan vero duo invidunt. Qui vel ipsum diam qui dolore doming vero dolore labore vulputate sea sit esse autem feugait sanctus sanctus. Tempor et dolor amet eirmod elitr feugiat amet aliquyam vel vero gubergren gubergren tincidunt sit. Labore et accusam dolore lorem. Ea duis takimata. Sea ut dolore amet at takimata tempor lorem nibh lobortis eos aliquyam ut dolores duo lorem sea dolore diam. Sed autem tempor duis ex dolores aliquip.\nEa magna justo vel lorem eros invidunt diam aliquyam invidunt diam clita delenit rebum stet justo delenit. Stet dolore justo iriure eu nonumy sed sadipscing voluptua consetetur exerci sea dolor magna iriure lorem. Ipsum feugiat amet sit ea et et hendrerit aliquyam est lorem. Accusam tempor consequat invidunt dolor elitr vel est et et aliquip minim takimata erat. Ipsum invidunt ea amet et. Diam et amet no lorem kasd tempor at sed sit amet sea. Et diam est sea dolor diam sed justo takimata kasd labore lobortis duo in magna nobis ut voluptua. Sanctus dolor takimata. Erat commodo nonumy sadipscing et iriure sanctus clita dolor sanctus et kasd amet diam dolores sed est. Nihil vel liber nisl in gubergren lorem dignissim tempor takimata dolor ea vero.\nSed eu kasd sed ex vel assum justo duo. Clita takimata nibh labore kasd justo lorem et gubergren feugiat. Diam consetetur sit ipsum voluptua dolores et consetetur clita. Lorem gubergren invidunt aliquyam dolore ut duis delenit consequat consequat id dolor est eirmod. Dolore eirmod elitr consectetuer rebum magna quis magna no diam molestie ipsum clita amet justo. Lorem nonummy zzril elitr clita dolore lobortis sadipscing gubergren. Nonumy enim nihil stet accumsan sadipscing duo consetetur ipsum clita ad nulla magna ut sit sadipscing labore amet. Eirmod nisl sea. Labore dolore odio tempor dignissim lorem justo dolor sit et dolore elitr lorem eirmod duo dolores et. Option eros te dolore et clita. Eum ea dolor et dolor consectetuer vero justo augue et erat. Sed clita clita eu voluptua sit feugiat elit et amet qui sanctus facilisis. Vel dolores sed et dolore nobis amet vel et sed. Eirmod et elitr rebum no tation magna diam diam ipsum diam accusam elitr magna et no facilisis nulla dolor. Accusam luptatum volutpat magna blandit dolor stet vero consetetur.\n","publishDate":"2021-12-20T18:09:11.059152+00:00"},{"id":3,"title":"Book 3","description":"Nostrud diam molestie eleifend clita dolor laoreet sed. Duis eros dolores diam ea sea stet gubergren autem. Ipsum eos sadipscing justo sit elit sed in vero kasd tempor possim suscipit. Nonumy dolor sed. Magna ea lorem sea... (set the log level to DEBUG or TRACE to see the full content) 
 </msg>
<msg timestamp="20211222 15:09:12.694" level="INFO">${RESPOSTA} = &lt;Response [200]&gt;</msg>
<status status="PASS" starttime="20211222 15:09:09.682" endtime="20211222 15:09:12.695"/>
</kw>
<kw name="Log" library="BuiltIn">
<arg>${RESPOSTA.text}</arg>
<doc>Logs the given message with the given level.</doc>
<msg timestamp="20211222 15:09:12.704" level="INFO">[{"id":1,"title":"Book 1","description":"Tempor placerat est elitr no kasd stet ipsum aliquyam voluptua dolores ut ea vel adipiscing. Hendrerit eirmod esse. Lorem magna eos volutpat vero at voluptua sed eos est et eirmod dolore invidunt illum ex nam eleifend ut. Facilisis sit dolor molestie at sanctus et diam duo sed in sed at consetetur exerci amet dolor. Eros lorem et. Dignissim facilisi sit sanctus et gubergren dolore kasd est est accumsan ut molestie ipsum.\n","pageCount":100,"excerpt":"Takimata hendrerit nonumy gubergren dolore kasd velit eum ut diam aliquyam dolor euismod vero sadipscing. Erat vel at ipsum nostrud amet placerat eros diam amet. Magna lorem rebum exerci blandit consetetur dolores ut sed et option lorem sed ipsum suscipit lorem et. Consetetur takimata et id aliquam et iusto est rebum erat gubergren commodo dolor sed dolor molestie.\nSed consetetur ipsum ipsum zzril eirmod no invidunt amet amet. Et rebum aliquyam augue ut ipsum invidunt sed iriure gubergren vulputate elitr sea nam exerci no. Velit dolore consetetur amet dolores voluptua dolor dolor eos no erat eos dolor accumsan te ut ea diam. Sadipscing est justo blandit lobortis at. Dolores est ipsum ipsum. Diam sit dolores blandit blandit dolor vero consetetur dolore justo dolor sea feugait nonumy iusto iusto qui. Justo clita dolore dolores et ut. Qui amet diam dolor diam stet sed lorem. Vero justo diam vulputate justo nisl lorem sanctus et accusam eos vero sea ipsum. Et facilisis et dolore ea lorem. Autem est consequat commodo et ea sed takimata lorem clita gubergren et no clita eos sea invidunt amet ea. Ipsum ex kasd kasd dolore erat vero vero et ullamcorper odio. Et no tempor erat lorem diam kasd gubergren dignissim eleifend est et rebum. Labore stet facilisi sadipscing takimata ipsum eros sea sadipscing erat dolore sed cum adipiscing est duo est. Vel tempor dolor ut in takimata consetetur sed. Vero delenit elitr iriure dolor vulputate et hendrerit eros vero invidunt no no ullamcorper. Dolor ut velit lobortis diam ea facilisi rebum sit.\nSit erat te euismod ut. Accusam clita ex et lorem dolores dolor tation sit diam volutpat clita labore. No nulla eum te praesent et dolor at tempor tempor takimata id nonummy dolor amet vero ut rebum et. Ipsum commodo lorem magna magna eos et sanctus dolores lorem quis sit ut. Voluptua labore rebum doming ut erat duis sit. Tempor ea justo nulla no qui sit elit sed duo gubergren. Amet kasd diam kasd justo stet possim consetetur lorem lorem sit diam feugiat ipsum facilisi justo ut.\nVoluptua labore erat at vel qui feugiat feugiat laoreet consetetur. Sit labore et eirmod et dolores est rebum euismod duo nonummy. Amet sea id nonumy eirmod est cum ullamcorper ipsum lobortis consetetur tempor erat. Imperdiet no facilisi justo molestie sea takimata voluptua placerat eum et. Sit iusto nonumy. Nonumy feugiat accusam takimata justo facilisi lorem lorem labore nonumy dolore lorem est duis amet sadipscing invidunt dolor. Dolores dolor ut possim ipsum voluptua et est velit et clita. Gubergren laoreet et et iusto feugiat ea dolor magna elitr luptatum sit amet.\nElitr blandit clita ut. Eos at dolor erat dolor takimata lorem at. Dolor laoreet nonummy kasd wisi quis erat sadipscing rebum accusam nobis dolor eirmod duo tempor. Dolore accumsan est kasd et sadipscing eirmod. Aliquam veniam eu placerat justo dolores magna qui molestie elitr facer eirmod sadipscing eum dolor duis dolor magna. Sed accusam est takimata dolor augue voluptua est diam dolores liber voluptua clita vel et nonumy gubergren ea delenit. Duo nulla gubergren ut diam iusto dolor ipsum ullamcorper duo consectetuer consectetuer gubergren. Invidunt amet molestie feugiat ut invidunt veniam sea no sanctus iriure. Sit stet eirmod nostrud amet eros aliquyam sadipscing hendrerit dolor et magna sed. Cum hendrerit sit dolores amet nam feugiat consetetur ut nulla commodo gubergren. Stet est tempor ut sea eirmod dolore sadipscing elit accusam vero. Lorem stet sit lorem gubergren odio doming nonumy praesent iriure gubergren amet sit et lorem ipsum dolores et amet. Takimata ut ut augue. Eos duis et est eirmod kasd et dolore. Et invidunt sea elitr aliquip dolores eum clita duo et erat. Et ipsum possim magna dolor. Duo lorem ut sed feugiat eos sadipscing dolor suscipit magna et sadipscing et ut sit stet ullamcorper labore.\n","publishDate":"2021-12-21T18:09:11.058996+00:00"},{"id":2,"title":"Book 2","description":"Lorem magna assum rebum. Duo et ut vero labore magna takimata et autem lorem lorem ipsum kasd dolor lorem placerat voluptua lorem magna. Et et dolor facer erat ea stet. Nonummy duo sit duo kasd sed nobis lorem erat aliquyam. Et sed assum iriure et sanctus ipsum clita duo dolore accusam nonumy erat dolore at dolor rebum. Et sea aliquip labore illum tempor amet invidunt amet eum kasd consectetuer tempor eum delenit. Lorem euismod aliquip enim magna lorem gubergren lorem. Ipsum nibh takimata dolore consequat nonumy at eos accusam accusam. Vero velit elitr magna sanctus clita possim eum duis eleifend kasd dolor. Veniam imperdiet doming sit sit.\n","pageCount":200,"excerpt":"Sit labore tempor velit kasd aliquyam labore et. Ipsum lobortis duo sanctus vero ipsum. Aliquip et dolor iriure sanctus amet elitr diam sea labore kasd duis. Veniam eu kasd sadipscing consetetur dolore iriure feugiat soluta veniam feugiat takimata. Sit gubergren eu amet dolore sea sea sit ipsum consetetur ipsum mazim est ut vero stet sed luptatum. Stet dolore nulla sed lorem amet stet sed vulputate diam consetetur diam ipsum eros eos ea eu. Est gubergren quis et in diam dolore lorem dolor velit nonumy congue eos congue consetetur lorem amet. Ut amet diam dolor justo et ipsum amet gubergren amet. Ipsum euismod nulla at amet takimata ipsum ut erat. Vel dolor accusam invidunt velit et. Sadipscing ipsum sit justo assum at lobortis clita clita. Dolore erat delenit voluptua sea liber amet zzril no et justo lorem justo ipsum amet consetetur. Tempor velit takimata dolore sanctus molestie dolore aliquyam eos vero sit diam nonumy. Vulputate lorem et no clita clita feugait labore sed at consetetur feugiat. Sit iriure gubergren erat ea elit est. Gubergren elitr sit amet sed nulla amet dignissim dolores lobortis ut diam dolor et at aliquyam kasd aliquyam. Et imperdiet feugiat. Accusam et vero. Justo stet nonumy amet ea.\nSed consequat gubergren diam sed justo at nonumy lorem dolores lorem sea dolor gubergren consetetur. Ea nibh accusam at kasd sed dolor diam sed justo augue at ipsum consetetur veniam et voluptua eros eos. Sit sit erat elit vero sadipscing option at sadipscing et vero vero et liber vulputate. Diam diam dolore dolore veniam ut tempor amet. Sit et ea eirmod vero eu in. Consetetur consetetur esse ex feugait nulla rebum. Illum labore eos justo. Dolore magna ipsum vulputate delenit diam diam labore sea eos stet et. Elitr ea duis invidunt sed sed consetetur ut imperdiet voluptua consetetur diam clita molestie amet rebum duo tincidunt erat. Eos praesent dolor nulla dolore elitr ipsum vero diam autem aliquam dolore lorem amet ut labore esse luptatum elitr.\nLorem laoreet invidunt sea accusam duo no nonumy takimata sit takimata justo dolore ut amet. Autem rebum exerci nonumy stet. Tempor kasd hendrerit molestie magna clita elit euismod dolores sea sed magna euismod et stet voluptua veniam dolores. Ut ipsum feugiat. Aliquyam ipsum lorem imperdiet ea sanctus et nulla volutpat accumsan vero duo invidunt. Qui vel ipsum diam qui dolore doming vero dolore labore vulputate sea sit esse autem feugait sanctus sanctus. Tempor et dolor amet eirmod elitr feugiat amet aliquyam vel vero gubergren gubergren tincidunt sit. Labore et accusam dolore lorem. Ea duis takimata. Sea ut dolore amet at takimata tempor lorem nibh lobortis eos aliquyam ut dolores duo lorem sea dolore diam. Sed autem tempor duis ex dolores aliquip.\nEa magna justo vel lorem eros invidunt diam aliquyam invidunt diam clita delenit rebum stet justo delenit. Stet dolore justo iriure eu nonumy sed sadipscing voluptua consetetur exerci sea dolor magna iriure lorem. Ipsum feugiat amet sit ea et et hendrerit aliquyam est lorem. Accusam tempor consequat invidunt dolor elitr vel est et et aliquip minim takimata erat. Ipsum invidunt ea amet et. Diam et amet no lorem kasd tempor at sed sit amet sea. Et diam est sea dolor diam sed justo takimata kasd labore lobortis duo in magna nobis ut voluptua. Sanctus dolor takimata. Erat commodo nonumy sadipscing et iriure sanctus clita dolor sanctus et kasd amet diam dolores sed est. Nihil vel liber nisl in gubergren lorem dignissim tempor takimata dolor ea vero.\nSed eu kasd sed ex vel assum justo duo. Clita takimata nibh labore kasd justo lorem et gubergren feugiat. Diam consetetur sit ipsum voluptua dolores et consetetur clita. Lorem gubergren invidunt aliquyam dolore ut duis delenit consequat consequat id dolor est eirmod. Dolore eirmod elitr consectetuer rebum magna quis magna no diam molestie ipsum clita amet justo. Lorem nonummy zzril elitr clita dolore lobortis sadipscing gubergren. Nonumy enim nihil stet accumsan sadipscing duo consetetur ipsum clita ad nulla magna ut sit sadipscing labore amet. Eirmod nisl sea. Labore dolore odio tempor dignissim lorem justo dolor sit et dolore elitr lorem eirmod duo dolores et. Option eros te dolore et clita. Eum ea dolor et dolor consectetuer vero justo augue et erat. Sed clita clita eu voluptua sit feugiat elit et amet qui sanctus facilisis. Vel dolores sed et dolore nobis amet vel et sed. Eirmod et elitr rebum no tation magna diam diam ipsum diam accusam elitr magna et no facilisis nulla dolor. Accusam luptatum volutpat magna blandit dolor stet vero consetetur.\n","publishDate":"2021-12-20T18:09:11.059152+00:00"},{"id":3,"title":"Book 3","description":"Nostrud diam molestie eleifend clita dolor laoreet sed. Duis eros dolores diam ea sea stet gubergren autem. Ipsum eos sadipscing justo sit elit sed in vero kasd tempor possim suscipit. Nonumy dolor sed. Magna ea lorem sea voluptua vel dolor dolores lorem et lobortis elitr ipsum tempor gubergren ut delenit est. Ipsum et eros justo illum voluptua gubergren nulla lorem sit takimata diam quod et vel diam mazim lorem ipsum. Sed molestie assum ex te no diam nisl et invidunt ad nobis ipsum elitr elitr duo consetetur. Dolor at ea dolore rebum laoreet. Facilisi consequat justo sed dolor molestie sit amet erat in diam. Molestie et magna nam vel et amet illum duo dolor exerci vel magna accumsan consequat. Sanctus feugiat kasd et quis justo dolor nonummy congue sit et ipsum diam gubergren sanctus. Sed duo et nonumy vero feugiat labore sed dolore et sea lorem. Elitr vero ad voluptua labore justo eos diam illum sanctus. Rebum iriure elitr rebum et dolore dolore. Justo est elitr odio dolore vero eirmod eirmod labore dolore amet dolore dolor lorem augue eu. Nibh dolor dolor tempor kasd ex diam dolore sadipscing hendrerit vulputate laoreet et sed. Diam delenit qui vero no diam amet accusam elitr vel ipsum consequat consequat amet ipsum et.\n","pageCount":300,"excerpt":"Vero soluta wisi et diam. Elitr facilisi qui diam nulla magna suscipit in. Diam at justo quis quis dolor duis takimata. Et erat dolores facilisis ipsum et nonumy eirmod. Nonumy eum amet et amet dolor dolores ut ullamcorper lorem wisi autem ea erat duo. Amet magna stet diam.\nTempor sadipscing no et erat qui praesent et labore vero stet. Ut dolor eirmod sed invidunt aliquam wisi nonumy dolor no sed invidunt et magna. Magna vel elitr eirmod aliquyam clita no et accumsan sadipscing sit id vero. Dolore odio ea magna justo vulputate gubergren amet dolores erat nulla nobis eleifend. Esse imperdiet et dolor ipsum sed vel sit diam sea dolore ut consetetur stet takimata et vero est. Amet sanctus duo et. Duo tation amet amet eu dolore. Ut amet erat. Eos clita vero sanctus dolor consetetur labore tempor eirmod praesent eos lorem dolor augue kasd. Dolor in dolore quis ipsum aliquip at stet justo kasd ut. Lorem eros dolore sed sea labore eos et vel nisl justo dolores clita sed assum sed.\nSanctus dolor voluptua velit diam est clita vel et dolor facilisis invidunt sea hendrerit ea. Duo sea diam consetetur qui. Ut elitr duis dolores consequat eros clita stet sit no labore ullamcorper at dolor. Sed ipsum stet duo facer sea ipsum gubergren ipsum molestie in eirmod. Clita clita consetetur stet nonumy dolor kasd sanctus dolores luptatum nonumy odio ipsum dolor tation ipsum eos at. Diam eirmod feugait. Dolor dolor at.\nVero est diam ut commodo feugait erat nonumy accusam. Eos diam invidunt delenit dolor dolor accusam dolore. In augue eos est eirmod aliquyam invidunt consequat.\nLabore voluptua magna magna enim vero. Dignissim accusam feugiat sadipscing in facilisis et veniam lorem nibh takimata stet lorem kasd takimata. Nibh wisi dolore. Sit tempor ullamcorper sanctus assum zzril ea ut accusam dolore iusto ipsum. Accusam kasd lorem stet lorem tempor. In stet laoreet eos adipiscing takimata nulla voluptua diam illum kasd. At sanctus feugiat tempor eirmod ea at dignissim justo. Voluptua ipsum magna et elitr laoreet dolor lorem dolores ut invidunt clita lobortis dolor sit erat magna facilisis. Diam duo rebum at. Exerci at kasd exerci sed takimata wisi amet assum.\n","publishDate":"2021-12-19T18:09:11.0592673+00:00"},{"id":4,"title":"Book 4","description":"Accusam ipsum eros magna eos amet lorem diam takimata amet iusto accumsan kasd wisi doming. Et qui diam nam wisi rebum est iusto. Dolor no gubergren gubergren iriure et consequat dolor duo amet no. Lorem dolores nulla in. Ut consectetuer tation dolor. Vero diam nobis nulla dolores elitr dolore lorem. Clita accusam eos gubergren sed eleifend elit gubergren elitr et facilisis consequat no clita et est. Option vel enim sit aliquyam sit dolor at elitr ipsum. Vero ipsum consetetur eum at et dolores diam eirmod. No odio qui te no takimata odio.\n","pageCount":400,"excerpt":"No tempor at elitr. Sit id ad clita. Dolores sed eu qui ut dolore justo diam tempor nostrud gubergren duo dignissim. Odio et dignissim laoreet nonummy dolores voluptua voluptua ipsum consectetuer amet accusam dolore rebum et sea lobortis. Ipsum quis rebum et dolor lorem dolores. Lorem nonumy invidunt sed. Eleifend consectetuer dolore erat stet rebum labore sit nulla et diam dolor.\nGubergren aliquyam invidunt dolore lorem sanctus dolor blandit nostrud. Kasd zzril gubergren dolor vel elit gubergren elitr. Labore takimata invidunt amet vel praesent sed et stet ut imperdiet erat tempor erat diam. At invidunt at voluptua ea nihil justo et. Consequat clita clita feugait ut lorem te delenit eos veniam et consequat est ipsum. Aliquyam feugait labore dolores est et dolores sadipscing consectetuer. Tation clita sit nobis et ipsum stet gubergren tempor sit amet. Consectetuer erat kasd sea accusam ipsum. Et voluptua dolore diam kasd sea te gubergren duis diam vel. Doming rebum eirmod sit takimata stet magna augue ea eleifend ut diam lorem clita accusam. Labore ipsum illum vero in magna est dolor eos ullamcorper dolores accumsan clita. Invidunt vel veniam et et option sit delenit. Sit kasd dolor dolores aliquip eum vero molestie erat justo. Lorem sit invidunt sadipscing dolore sadipscing lorem consequat eos at sed dolores diam dolor.\nDiam ea diam justo kasd sadipscing dolore invidunt suscipit vulputate et no. Accusam diam clita consetetur eirmod ipsum takimata dolore et tempor et stet diam luptatum at dolor consequat dolor elitr. Sed labore et clita consetetur gubergren diam. Amet adipiscing labore consetetur aliquyam amet placerat tincidunt et tempor duo takimata est illum in kasd justo nonumy. In duis vulputate erat sea at augue lorem. Eu labore et lorem dolor sit vel sit dolor nonummy quis amet sed consequat dolores suscipit. Autem nonummy elitr dolores aliquam in erat aliquyam erat eirmod kasd takimata minim sit nulla dolores et. Lorem sanctus amet no stet wisi invidunt autem vero labore. Vel dolore diam gubergren rebum eum iriure consetetur et duo et vero eirmod diam aliquyam. Sea duo facilisis dolores tempor vel aliquyam sed in vel dolor kasd ex. Kasd in id dolor magna rebum facilisi delenit accusam justo nulla dolore aliquam sanctus nulla. Facilisis sed lorem no lorem et lobortis magna accusam tempor vero. Et invidunt amet invidunt vero takimata et kasd diam et commodo amet sit sanctus invidunt stet erat. Facilisis kasd vel dignissim sit sed ipsum elitr dolore ipsum possim sit odio. No ut sadipscing sed consetetur accusam et et tincidunt et eirmod hendrerit invidunt eirmod assum. Diam aliquip ut et accusam clita rebum tempor no assum velit. Stet magna elitr rebum ea delenit nonumy.\nEros ipsum lorem ipsum nihil dolores consetetur kasd diam illum. Lorem et praesent commodo magna amet takimata invidunt in sed. Ex ullamcorper dolor exerci ut eleifend dolor facilisis aliquyam minim. Elitr et gubergren nonumy vel delenit gubergren sit nonumy magna odio et. Ut magna tation gubergren tempor sit nostrud ipsum tation duo stet amet. Diam esse tempor feugiat vulputate autem ea vel et. Ut takimata tempor ipsum rebum ea sit elitr sed kasd iriure sanctus et. Aliquyam sed at est rebum sanctus eros diam sed vero clita imperdiet ex ea sed. Iriure lorem luptatum consequat iriure ut iriure blandit ut elitr volutpat consequat lorem sanctus nulla dolor amet. Et voluptua lorem dolor est labore et. Kasd magna eros. Veniam accusam aliquyam duis at kasd et ipsum stet at at elitr diam sanctus sed. Est amet justo dolor augue nonumy te sadipscing vero nulla dignissim sed invidunt dolores ipsum clita magna dolore zzril. Iusto luptatum sit consequat duo. Labore in est dolor aliquyam minim sadipscing. Iusto accusam accusam. Sit clita enim dolores rebum diam amet. Eos et iusto ipsum takimata quis.\nKasd tempor justo. Accumsan dolore accusam nonumy at elitr feugiat sadipscing invidunt ut invidunt esse. Amet vero diam dolor lorem lorem sea lorem amet duo at elitr voluptua imperdiet ipsum sadipscing diam vero clita. Suscipit sea justo consetetur labore sea dolore duo kasd sanctus dolore et. Dolores velit et lorem dolor sed justo. Et odio kasd rebum consequat. Vero duo amet gubergren nonumy eirmod nibh erat et clita kasd.\n","publishDate":"2021-12-18T18:09:11.0594101+00:00"},{"id":5,"title":"Book 5","description":"Ut no ipsum suscipit invidunt no dolore et rebum duis eos vero ipsum tation duo facilisi dolor amet. Ut dolore accusam est at dolore at nobis consetetur accusam et illum diam duo tempor. Facilisis justo euismod amet et dolore et nonumy gubergren duo sed ullamcorper quis dolore nonumy et ut. Sea ad vel diam ex et rebum lorem.\n","pageCount":500,"excerpt":"Nonumy amet tempor ut ipsum et magna dolor kasd vero exerci et lorem doming et tempor. Tempor iriure voluptua. Elitr at est autem no ea ipsum dolor no no sanctus. Dolore vero est clita molestie ut zzril amet molestie est commodo elit ex ullamcorper no. Assum ut molestie dolore congue est ipsum et sea lorem.\nAt sed aliquyam vero sanctus sanctus. Dolor lorem aliquyam ut sit diam rebum kasd in nonummy gubergren diam no dolor placerat. Accusam sit eirmod feugait dolor voluptua voluptua dolore et dolore consetetur blandit dolore gubergren duo est augue et. Dolore et sed sit commodo aliquam tempor eros ut stet elitr lorem nonumy ipsum rebum accusam eos rebum magna. Dolor clita lorem tempor. Magna ea ad. Labore sadipscing consetetur amet et invidunt elit iriure. Eos veniam dolor est esse stet sit. No velit eros est autem takimata amet liber kasd sit ut vero amet vulputate ea labore. Est erat vel magna est et et accusam diam. Consectetuer takimata et nonumy elitr et tempor gubergren. Duo duo at odio. Iriure nisl aliquyam aliquyam at vulputate est euismod sea liber.\nAmet et lorem elitr sed vero no invidunt. Labore lorem iusto ea et eleifend luptatum sanctus stet dolore nostrud erat rebum. Commodo duo ut gubergren sanctus.\nMagna nostrud labore dolore minim lorem clita tempor et amet. Rebum facilisi accusam te consetetur dolore at et dolor sed ullamcorper est. Kasd et placerat sed stet adipiscing diam nonumy vel sed vero ipsum nonumy augue hendrerit. Enim accusam clita et. Elitr sed dolor diam sanctus amet in eum in eirmod takimata et ea amet sanctus consetetur. Voluptua accusam labore kasd amet eos consetetur lorem nulla est amet et aliquyam nonummy duo dolores dolore. Sit nostrud voluptua accusam sea voluptua dolor eu et lobortis stet praesent at eos. Dolores at no nonumy sanctus amet magna augue et. Eos vel magna stet et. Ipsum dignissim ipsum eirmod diam elit cum eum stet ut diam ea duo dolor.\nEa dolor feugiat commodo qui. Eu ea nobis accusam et facer takimata dolor invidunt velit gubergren. Diam tempor elitr sed hendrerit kasd sea et kasd quod diam diam amet feugiat et sea facilisis sit et.\n","publishDate":"2021-12-17T18:09:11.0594842+00:00"},{"id":6,"title":"Book 6","description":"Amet eirmod labore. Sed rebum eirmod elitr kasd ea eirmod ut est dolor voluptua kasd lorem stet diam. Vero vero molestie takimata sed sed amet. Erat dolor aliquip sadipscing dolor. Eirmod possim magna dolores sed tempor ut eos ipsum dolor. Labore facilisi eleifend elitr amet erat accusam lobortis amet velit accumsan. Gubergren nibh quis. Magna commodo sit lorem erat aliquyam facilisis vero et no dolor vero ullamcorper consetetur. Erat sea dolor tempor tation consequat labore. Velit est dolor odio aliquyam ad dolore minim amet esse ea rebum enim vero rebum erat ex. Clita erat et aliquyam et accumsan elitr ipsum ex vero amet. Elitr takimata clita ipsum duis eirmod. Et amet et dolore est accusam facilisis. Dolor duo tempor diam nonumy et et invidunt et. Sit et et commodo ut molestie et ut. Labore diam rebum adipiscing dolore ut amet ipsum consetetur ullamcorper. Molestie nonummy stet mazim dignissim magna at amet ipsum enim sanctus stet. Laoreet aliquyam sit placerat magna et.\n","pageCount":600,"excerpt":"Lorem tempor elitr eos accumsan hendrerit invidunt tempor vero vero sit clita est at sanctus. Sanctus erat sadipscing stet dolore justo te gubergren diam. Et no consetetur nonummy amet zzril accumsan elitr ut sea justo eirmod ea iriure et ipsum rebum esse. Facilisis ipsum ea clita nonumy consectetuer elitr rebum clita tempor. Consetetur ipsum option est. Et dolor stet ipsum sed duo dolor labore vulputate elitr rebum nostrud ut dolor justo ipsum. Sed dolore dolore ea et vulputate.\nIpsum vel sed sadipscing sadipscing takimata sit. Consectetuer kasd tempor sea nam ipsum at ut rebum accusam accusam eos feugait dolor et iriure dolore gubergren. Aliquyam dolor justo sit consetetur. Sanctus et congue ex at ipsum sea nonumy ipsum sed enim vero stet aliquyam dolor sit eum no facer. Feugait sed eu stet dolor. Dolore lorem ipsum elitr ut nostrud sea voluptua tempor. Et lorem voluptua lorem sed. Ipsum molestie stet lorem sed duo takimata.\nDiam gubergren gubergren nam nihil option lorem gubergren duis accusam sed et qui assum gubergren. Et et diam laoreet tempor lobortis dolor nulla lorem dignissim et diam et et et elitr wisi rebum. Dolor sit et magna sed exerci et. Duo consectetuer no sanctus volutpat ea. Gubergren ipsum sit tempor. Duo labore justo justo nonumy kasd dolore sanctus voluptua stet eirmod eirmod accusam aliquip. Justo takimata augue at diam eirmod ut augue sit sanctus takimata molestie ipsum takimata te ut. Sit lorem consetetur est rebum duis stet takimata nonumy dolor nonumy. Cum esse aliquyam aliquyam veniam quis et in clita ipsum amet. No erat dolore dolore ipsum magna dolore justo tempor et aliquyam kasd lorem dolore wisi invidunt tempor dignissim. Iusto ad facer nonummy no dolores diam invidunt qui nibh sanctus consetetur et dolore nobis voluptua dolor aliquyam. Dolore voluptua ea ut no laoreet et kasd sadipscing aliquyam autem kasd exerci dolor dolores gubergren consectetuer nonumy. Diam blandit eros justo sadipscing invidunt gubergren ipsum clita dolores ea dolores imperdiet lorem invidunt clita rebum et. Elitr lobortis quod voluptua consequat feugiat lorem labore eum vel takimata et. Et erat aliquyam sed gubergren vero sanctus eos dolore lorem doming quod consectetuer dolore odio consetetur sadipscing ut. Nonumy ea gubergren nonumy consetetur eos et rebum amet diam elitr dolor dolor dolore. Lorem diam erat in eirmod nisl nonumy rebum eos magna tempor invidunt duo nulla. No et labore consequat sed wisi takimata nonumy diam nibh amet ut stet ullamcorper molestie.\nVolutpat invidunt diam takimata duis elitr. Dolores nibh et eos qui et. Ut ut nihil vero vero sea voluptua sanctus et accusam vulputate ipsum gubergren aliquyam rebum. Ullamcorper lorem autem at dolore ipsum lorem quis. Sea ipsum duis amet eros. Et stet lorem gubergren dolores diam at commodo accusam et nulla amet et et. Et at vel vero stet. Justo ut stet invidunt takimata. Dolore et lorem amet ea clita ea sed ipsum aliquip magna iriure. Dolor eos nonumy labore invidunt est. Sanctus labore sea stet dolor vel aliquip diam consetetur accumsan elitr erat sed. Duis exerci ea gubergren vel erat ut adipiscing sed kasd voluptua ut lorem. Lorem aliquyam qui dolore rebum duis nonumy stet et nam. Aliquyam lorem ipsum facilisis feugiat dolor sed ipsum aliquyam euismod justo sit dolore hendrerit sanctus. Ut suscipit sed sanctus imperdiet ea no odio aliquam lorem.\nIpsum enim et autem lorem possim vel rebum rebum stet kasd in voluptua. At diam stet enim. Duo accumsan nonumy takimata eirmod esse est lorem sed diam kasd. At eirmod lorem vel no magna sea ipsum amet in autem commodo clita voluptua rebum ea. Facilisi invidunt molestie eum erat ea duo ipsum consetetur lorem nonumy sea et consetetur voluptua no ullamcorper.\n","publishDate":"2021-12-16T18:09:11.0596207+00:00"},{"id":7,"title":"Book 7","description":"Consetetur eros amet feugait elitr vero augue tempor et at ut. At euismod sed magna stet dolor et justo consequat. Augue option consequat in est sanctus. Et ipsum erat dolore. Sanctus eum dolor odio. Accusam nonumy in takimata sed congue vel vero dolore. Ea dolor soluta et suscipit. Zzril tincidunt magna et eos vel ea tempor at accusam dolor.\n","pageCount":700,"excerpt":"Ut clita lorem voluptua sea nulla dolores ea rebum tincidunt est kasd ex. Facilisis rebum vel eos et consectetuer invidunt. Ullamcorper clita eirmod at kasd ipsum volutpat dolor feugiat sit sadipscing. Kasd et feugait amet dolore accusam et diam sea et rebum sea sea et in consetetur quod at. Nulla autem clita elitr dolore justo. Ipsum velit kasd diam sit takimata exerci ipsum. Sed invidunt lorem.\nSed labore lorem ipsum molestie kasd vel elitr consequat feugait consetetur rebum sanctus. Tincidunt hendrerit rebum sit lorem et nulla veniam. Ipsum accusam at ipsum justo molestie invidunt eu erat sea labore sed erat sit dolore sed sanctus et. Tempor lorem ut no iriure ipsum accusam justo invidunt lorem rebum vulputate option et erat et vero diam. Ipsum tempor no clita sea ea. Amet nonumy dolore. Kasd te justo justo. Dolor invidunt diam eirmod dolore magna at clita veniam vero aliquyam autem sit magna erat. Ut diam dolore accusam kasd elitr dolore et labore ullamcorper diam assum et consequat blandit nostrud wisi. Nisl rebum est sanctus gubergren kasd gubergren. Aliquyam consetetur vero eros est accusam voluptua dolore at ad et et esse. Lorem est diam. Accumsan ipsum erat est kasd sit praesent sit consequat qui duis dolores iriure justo dolores est kasd at. Vel eu lorem rebum nulla et adipiscing elit lorem sed diam justo dolore duo nonumy sea sanctus sadipscing. Lorem est magna amet dolor at amet sed et sanctus consetetur accusam duis ut labore eos vero kasd. Vel quod vero sanctus no qui ea accusam sea consetetur ut delenit ut eirmod voluptua. Aliquyam et est sit ullamcorper sed. Ipsum suscipit est sit vero et accusam sit kasd vero ut qui duo laoreet elit ipsum lorem et.\nDolore sit labore velit doming consetetur possim molestie consequat et elitr. Gubergren nonumy vero diam. Molestie clita aliquyam lorem consetetur diam. Stet sed rebum sit invidunt ipsum accusam sadipscing erat rebum sadipscing et accusam ea. Eos eirmod lorem qui dolores ipsum ea ipsum duo. Vero eirmod ut sit sanctus feugait labore eirmod et. Dolore esse elitr velit amet aliquip sit duo at duo. Cum ipsum consetetur rebum sea vero nulla aliquip dolor nonummy.\nVero et lorem ipsum feugait aliquam vero sed tempor et est. Ut te et gubergren magna clita diam. Ut assum quis ut dolores ea accusam takimata dolore in ea sea ipsum magna consetetur aliquyam laoreet ut ipsum. Tempor ea sanctus labore clita diam voluptua iriure wisi dolores ut labore dignissim vero sit luptatum consetetur. Dolor est gubergren sea. In enim dolore nonumy gubergren sed zzril dolore sit. Aliquyam ea amet invidunt rebum aliquyam. Feugait tempor sit et dolor facilisi sea eirmod sit et nostrud ea justo consequat dolore. Dolor consectetuer vero lorem augue ut diam invidunt erat sadipscing in sanctus. Labore ea rebum justo et justo veniam erat diam magna diam assum. Sea eirmod et velit est sed nonumy sit. Praesent erat exerci. Vero rebum elitr ullamcorper et facilisis et no tempor aliquyam lobortis justo invidunt erat accusam dolores voluptua feugiat sed. Sadipscing est amet ut erat ut lorem delenit lorem erat tempor quod justo diam.\nDolor no sea vel eum voluptua eros no ipsum. Duo dolore ut magna amet sit laoreet. Ipsum sadipscing invidunt soluta amet clita erat sanctus aliquyam. Takimata sanctus sit dolore sit diam luptatum suscipit aliquyam. Et aliquyam dolor lorem justo lorem nostrud. Gubergren voluptua sed dolore suscipit. Vel vero gubergren euismod et ea kasd consetetur no et aliquyam dolor. Luptatum no aliquyam aliquip diam. Stet erat exerci eum erat aliquyam tempor rebum voluptua invidunt diam kasd stet. Et consequat rebum. Aliquyam kasd sanctus aliquyam minim sit et et voluptua sed diam consequat augue voluptua facilisis stet sed. Nonumy consetetur ipsum consequat in justo. Sed lobortis justo eirmod gubergren vero ullamcorper amet labore et.\n","publishDate":"2021-12-15T18:09:11.0597477+00:00"},{"id":8,"title":"Book 8","description":"Te ipsum consequat diam lorem zzril diam dolore erat kasd volutpat et stet. Consetetur dolores amet hendrerit erat sanctus clita dolore justo euismod rebum eros erat ut no. Esse ipsum vero dolor amet amet consequat dolore et congue nonumy rebum dolor et volutpat. Et lorem tincidunt laoreet dolore sit. Vero ut dolor consequat gubergren diam minim elit dolore labore takimata et clita at ipsum nostrud sea dolor praesent. Autem tempor dolor aliquyam esse consectetuer vel nulla amet eirmod labore at dolor nihil dignissim invidunt. Nostrud iusto erat clita clita erat dolore lobortis accusam labore.\n","pageCount":800,"excerpt":"Et exerci vel augue vero et magna lorem lorem lorem nobis at clita elitr dolor consequat labore tempor. Odio kasd eos facilisis sea illum aliquam. Ipsum eos gubergren ut iusto duo est nulla eirmod consectetuer rebum eirmod ut et facer. In dolor rebum et no sit quis labore sed invidunt eirmod erat erat. Voluptua ipsum labore est. Vulputate dolores zzril. Dolor diam labore at et. Aliquyam suscipit invidunt magna invidunt te invidunt diam dolore vel dolore euismod exerci blandit consetetur takimata et. Dolor congue labore no dolore dolor eirmod invidunt eos aliquam voluptua amet veniam sit suscipit sea nonumy.\nDuis duis et diam dolore ea doming molestie imperdiet rebum duo autem sea sit consequat rebum sea consetetur. Tempor sanctus ut sea vero justo ipsum et takimata augue dolores amet sea gubergren et stet duo in at. Gubergren sit takimata illum et diam vel lorem ut. Invidunt ex dolor quis sit ea tincidunt dolore erat dolores. Tempor et consequat no elit euismod sit invidunt nonumy mazim est eos aliquyam ipsum vel magna dolore duo sed. Ipsum consetetur vel ea molestie gubergren amet vero dolores diam nonumy.\nGubergren gubergren est nonumy facilisis labore sadipscing eirmod hendrerit amet rebum labore. Ipsum accusam elitr sed consetetur dignissim et invidunt eos aliquip vulputate dolores in possim magna ut. Erat gubergren magna takimata diam no eirmod hendrerit. Sed sanctus nibh placerat gubergren in. Ipsum elitr wisi nonumy eros eirmod duo praesent invidunt. Vulputate nonumy lorem. Nihil accusam ea ipsum ipsum ea lorem ut diam clita iriure. Lorem exerci consetetur et dolores erat duis gubergren sit at hendrerit ipsum ut accusam gubergren et. Ipsum sed suscipit lorem sanctus dolor dolores eos ut magna dolores clita duo. Et diam ipsum ipsum takimata takimata sit clita stet nibh ut et illum iusto lorem autem lorem.\nLorem dolor vel ipsum et labore ut et. Feugiat vero dolore tempor dolores dolore ullamcorper et nonumy eum consetetur invidunt sit sanctus labore ipsum ipsum. Eirmod vero dolores clita eum ad et ipsum in diam consetetur ipsum rebum est molestie aliquyam imperdiet sea. Eum at takimata.\nEu aliquyam ut. Kasd sanctus gubergren dolores eum amet dolor sadipscing sadipscing. Velit id accusam lorem qui dolor consectetuer erat est accusam elitr sadipscing ullamcorper. Exerci diam ut dolore duo elitr labore vulputate et lorem. Dolore eirmod vel et lobortis amet. Odio dolor sed vel eleifend clita.\n","publishDate":"2021-12-14T18:09:11.0598326+00:00"},{"id":9,"title":"Book 9","description":"Eum duis dignissim est amet vero sit diam at labore nisl accusam ad ipsum duo sed. Clita accusam erat takimata stet et sit kasd ad dolores dolor qui takimata ipsum ea. Erat hendrerit sanctus et veniam ea sadipscing zzril labore praesent duo et. Consetetur ullamcorper ipsum nonumy magna duis vel sed invidunt. Mazim vulputate minim hendrerit. Ipsum eos erat kasd aliquip blandit vero aliquam lorem eros nam accusam ipsum eros sit. Suscipit et illum kasd duis aliquyam aliquyam clita sit. Nulla ipsum aliquyam et dolor tincidunt dolore ut diam ipsum gubergren kasd vero duis sed diam. Accusam takimata diam lorem dolore lorem rebum sed lorem vel nonumy praesent. Quis aliquam volutpat. Et clita aliquam iusto amet et sed duo eu diam ut nonumy magna. Amet eirmod accusam commodo ea in illum nostrud amet dolor accumsan consectetuer voluptua justo. Ut dolor et clita ipsum nonumy stet facilisi consetetur ut erat ut duo. Consectetuer et no dolor stet lorem vero nibh dolore. Euismod dolore at vel dolore ipsum.\n","pageCount":900,"excerpt":"Nonumy clita sit magna et eu et voluptua luptatum vel iriure no ipsum amet. Sadipscing diam ipsum ullamcorper amet dolore magna dolores. Nonumy dolores vel. Takimata stet stet clita elitr vel dolor ipsum dolore magna aliquam dolor takimata lorem eirmod consetetur sanctus. Invidunt labore nulla duis dolor magna stet minim rebum vero est dolor sit qui. Vel tempor option et aliquyam dolor lobortis eirmod quis qui. Sanctus sadipscing stet magna dolore. Magna diam erat vulputate ipsum vel sed sed accusam hendrerit sit kasd dolor esse dolores dolor elitr est erat. Dolor in ut volutpat eum lorem et et sadipscing volutpat elitr takimata. Feugiat eirmod at sea nihil est sit volutpat labore sed et elit gubergren sadipscing diam lorem enim takimata no. Sit diam no facilisis autem clita at et at ipsum duo sed zzril ut cum duis.\nDiam soluta nonumy consetetur lorem labore ut lorem nostrud. Option feugait et et ea ipsum ut at aliquyam diam takimata volutpat amet invidunt voluptua in eum wisi est. Voluptua consectetuer nam erat odio illum justo. Dolores takimata facer sit minim doming autem facilisis consetetur lorem dolore. Ipsum rebum vel sea lorem lorem laoreet clita vulputate stet nonumy lorem vero duo ut magna lobortis voluptua lorem. Rebum consetetur ipsum luptatum takimata consequat diam eirmod nibh at erat dolor eos vel dolor. Nonumy eleifend diam sadipscing elit. Nonumy rebum ipsum at eu amet tation elitr commodo voluptua ipsum erat magna dolor rebum volutpat duis. Ut sanctus est est. Amet accumsan adipiscing velit eirmod. Sanctus eu sed ut rebum amet sed. Eum amet voluptua duo. Veniam stet augue dolore sit accusam justo kasd aliquyam eu nonumy dolores praesent feugiat erat dolor et vero. Nam sit dolores tempor in accusam quis et aliquip consetetur delenit. Ipsum vero sadipscing gubergren labore dolore lobortis vero voluptua dignissim duis gubergren exerci takimata rebum labore duo. Luptatum stet illum sit nonumy duis et at sea rebum aliquyam illum duis diam labore eleifend. Sanctus justo et takimata vero rebum enim nisl. Tincidunt in consetetur illum nonummy justo ut erat sit erat elitr in. Sit consetetur tempor vero kasd et ex duis stet magna velit dolor vero duo.\nGubergren sed amet suscipit et dolore labore wisi nobis et. Exerci magna adipiscing zzril vero magna kasd nonumy elitr dolores labore ea takimata ut augue. Vulputate et et facilisis tempor ipsum illum et eu dolore magna. Dolor consetetur rebum dolore erat sed labore sit ut sed. Facilisis veniam ipsum dolore sed ipsum diam vero takimata dolore dolor diam lorem lorem et. Et no dolores vero et elit. Diam velit ut dolore volutpat stet nisl dolor. Dolor vulputate voluptua eirmod facilisis aliquam sanctus facilisis eros rebum odio consectetuer. Et sed facilisis dolore stet invidunt et ipsum augue et justo feugait. In autem consetetur no iusto accusam eu lorem amet diam dolor ut lorem sanctus et. Sit gubergren tincidunt consetetur dolor eos et. Ut mazim amet.\nLabore lobortis blandit ut facilisis at invidunt ut dolores dolor eirmod nonumy magna ipsum qui. Et autem sea vero dolores sed est invidunt aliquyam no sea sadipscing amet takimata duo. In magna diam kasd augue clita et takimata et dolor sanctus at. Sea tempor dolore doming amet aliquyam autem veniam eirmod diam dignissim doming amet. Et tempor labore est ut et delenit et dolore augue rebum diam dignissim suscipit dolor gubergren sanctus vero erat. Invidunt erat et lorem sea stet velit kasd lorem labore enim. Accumsan in blandit aliquyam nonumy vero ut et lorem invidunt erat duis magna sed congue. Aliquip kasd et kasd congue ea. Dolor est augue. Dignissim dolore et rebum sed sit dolore. Consectetuer amet luptatum lorem dolore tincidunt sit gubergren eum amet tation consectetuer sanctus diam amet aliquyam diam est. Rebum rebum volutpat nisl ad et ea. Dolores vero ut te dolores diam stet justo. Ea diam justo dolores dolor ea dolor eos lorem ea amet. Sea vero no assum.\nConsetetur rebum sit dolor diam clita dolores ipsum dolor euismod erat sea. Sea magna volutpat suscipit stet dolore magna dolore vero soluta lorem labore est velit amet. Gubergren voluptua at. Dolore est ea voluptua. Amet esse diam amet vero labore est. Justo eleifend sanctus et stet ut ut et vel no sed ea. Molestie erat stet qui sed sadipscing erat sit ut dolor hendrerit at facilisis no. Est est sed erat consequat. Feugiat dolor consetetur veniam. Lorem justo feugait ipsum.\n","publishDate":"2021-12-13T18:09:11.0599976+00:00"},{"id":10,"title":"Book 10","description":"Lorem sit option te sed vero et sanctus elitr amet dolore sea exerci diam nihil blandit. Amet aliquyam voluptua sed consetetur vel. Option nihil diam ullamcorper. Et ipsum consetetur erat magna justo vero esse nulla dolores sea erat justo elitr et no dolor. Tation aliquyam dolores et diam sanctus erat sea sea ut tempor lobortis erat sit duo vero rebum lorem tempor. Sed et tempor nonumy kasd diam magna erat at at et at illum aliquyam ut commodo. Kasd hendrerit aliquyam clita consetetur eum duo sit eos elitr et volutpat dolore kasd sit diam in nisl. Consetetur amet ipsum ullamcorper molestie vel elitr dolore sit no voluptua. Facer elitr sadipscing at dolor ipsum diam clita elitr eos. Eirmod commodo stet dolores sanctus lobortis takimata justo ipsum sed ut kasd accusam in lorem invidunt. Et diam option molestie magna. Lorem diam iusto diam at magna vel eu dignissim accumsan kasd invidunt. Enim est lorem ipsum duo gubergren in lorem labore assum sit veniam dolor. Amet vulputate accusam. Amet hendrerit sea adipiscing aliquyam at sit ex sit voluptua sit in aliquyam eos kasd amet sit.\n","pageCount":1000,"excerpt":"No invidunt dolores voluptua sanctus hendrerit ipsum ipsum sed autem sadipscing. Dolores justo eu sadipscing duo vel sed lorem sit amet dolor. Rebum lorem ea elitr accusam veniam consetetur clita erat facilisis. Vero ea et option duis illum ipsum nonumy rebum no takimata lorem sit invidunt. Sadipscing rebum enim nibh at duo laoreet clita duis kasd amet sanctus est et.\nVel labore takimata et rebum elitr tempor nisl. Erat ea invidunt lorem elit ea dolores kasd rebum eos autem eros. Et elitr erat et no lorem et et duis sed.\nAmet amet amet erat takimata. Sanctus te stet et stet eos. Odio quis dolor. Hendrerit sea nonummy ipsum. Ipsum quis consetetur sanctus nonummy amet at ut et et nisl erat amet invidunt nonumy. Autem mazim dolore elitr luptatum at tempor wisi no at ipsum eu. Clita labore lorem sit magna nonumy in ea facilisi at augue consequat sed dolore justo ipsum lobortis praesent commodo. Sed possim sed sanctus. Eos est diam. Diam lorem sed vero hendrerit. Rebum accusam dolor esse.\nUt lorem ipsum sit diam consetetur ipsum. Justo consequat ea labore dolor imperdiet eu vel sanctus justo ut ipsum feugiat vero. Ut amet rebum duo in kasd. Kasd et labore eos magna et nonumy dolores vel.\nFeugiat et sit eum ipsum sanctus takimata in aliquyam lorem justo sed sit. Consequat facilisi est consectetuer ipsum sed aliquip velit nonumy. Diam vero sadipscing adipiscing lobortis justo labore tempor at in enim. Sed eirmod et nonumy et consetetur clita invidunt est. Est amet dolore ullamcorper est ut sit ut ea labore iusto consequat no sed dolores suscipit et. Kasd illum ut ea esse kasd. Nostrud duo eos lorem duo ut et ipsum. Consetetur nulla amet vel ea ea laoreet tempor magna ipsum. Nonumy duo molestie amet nisl zzril cum justo duo. Congue sed dolore sit justo dolore ex labore labore et duo vel clita in sit takimata option magna.\n","publishDate":"2021-12-12T18:09:11.0600895+00:00"},{"id":11,"title":"Book 11","description":"Kasd sit et volutpat. Eirmod et dignissim ipsum labore dolor amet consetetur labore diam magna autem dolor molestie. Erat ipsum ut et ipsum dolores dolor liber magna accusam esse gubergren justo sea ut dolores placerat. Laoreet laoreet clita et sadipscing eirmod. Autem sit sea dolore sit stet nulla placerat aliquyam stet vel dolores rebum lorem hendrerit iusto ipsum. Magna esse gubergren duo eos magna erat. Labore magna et eu sea gubergren clita est.\n","pageCount":1100,"excerpt":"Vel no dolor. Kasd labore dolores ea sit dolor veniam diam sadipscing tempor dolor. Invidunt dolore consetetur elitr cum ut justo kasd justo sit exerci sadipscing erat et duo. Amet magna et ipsum lorem sea sed amet dolor tempor lorem veniam ipsum justo aliquyam. Accusam rebum dolores tation no esse iusto tempor. No dolor eirmod rebum qui voluptua invidunt dolore justo lorem diam et erat. Lorem ut sit tempor doming adipiscing justo. Invidunt nibh sit vulputate diam molestie sed. Vel rebum amet eos duo clita lorem soluta voluptua molestie et et duo tempor diam dolore ipsum. Diam in erat kasd tempor sit et nonumy voluptua. Stet lorem diam facer invidunt duis eos invidunt at dolore elitr nonumy ut placerat ipsum. Vero et vulputate et veniam aliquyam eos et no sit consetetur et vero vero eum. Et lorem et tempor. Accumsan et dolor tempor sanctus dolor euismod vero illum minim sit justo dolor ea sed et dolores sed. Dolore in voluptua sanctus eos nonumy ea eos accumsan et. Tempor lorem amet voluptua esse illum blandit clita est elitr voluptua ea dolore. Molestie veniam sea. Ipsum nonumy invidunt. Eirmod dolores sed diam vero et ipsum eu.\nNonumy justo quod facer dolor consequat et aliquyam in et no. Ad diam et stet dolor takimata. Eos invidunt aliquyam takimata. Illum est in amet enim sit et sed duo kasd ut elitr dolor.\nNonumy eirmod takimata in lorem dolores takimata elitr sit dolores amet dignissim et exerci et liber feugiat takimata. Tempor sit nulla nibh sit nonumy lorem gubergren eirmod at vulputate elitr. Invidunt sed dolor et. Ut sit voluptua diam nostrud. Kasd sea feugiat et clita et no te nobis duo option nostrud erat duo eirmod elitr. Takimata clita et dolor diam diam takimata dolore et eirmod. Sanctus takimata lorem blandit veniam sanctus eleifend justo. Labore duis sed et ut no vero duis option ea. Stet autem et sea. Ut suscipit sea facilisis no eos facer. Nobis nostrud ut aliquyam aliquyam ipsum placerat lorem nisl ea placerat feugait sadipscing quod. Nostrud in facilisi. Ipsum rebum eos sanctus eirmod autem et facilisis kasd mazim stet at consetetur. Duis no amet et amet consetetur invidunt amet eos diam. Et hendrerit lorem accusam duo eirmod suscipit et no. Duo sadipscing ipsum dolore. Facilisi magna lorem sadipscing eirmod.\nSit erat enim assum takimata consetetur vel kasd stet autem sanctus et tempor iusto voluptua. Et lorem gubergren dolor tempor voluptua diam consetetur at amet minim amet ea duo sea sed et. Sit et duo elitr ipsum et et. Accusam eos rebum sed lorem invidunt stet quis et. Clita molestie gubergren ipsum et sed amet labore lorem lobortis suscipit blandit. Clita invidunt justo. Kasd labore lorem laoreet voluptua est esse at labore clita.\nSea tempor amet duis est ipsum iusto ipsum takimata accusam magna enim sit et lorem sed invidunt justo gubergren. Justo ipsum dolor takimata. Vero wisi blandit nonumy diam sadipscing nulla gubergren te. Iriure vel id at takimata sed est at no. Sanctus illum ipsum eos dolores vero augue takimata at tempor eirmod feugait sea nibh magna duo vel. Labore dolore rebum sadipscing nibh voluptua eu blandit. Amet invidunt dolor sadipscing amet sed et iriure lorem te facer labore nisl nonumy lorem.\n","publishDate":"2021-12-11T18:09:11.0602094+00:00"},{"id":12,"title":"Book 12","description":"At vel sed tation clita ipsum commodo vel. Diam delenit diam adipiscing justo no vero clita sit sit takimata gubergren lobortis elitr eos. Facilisis eos ea consetetur labore gubergren placerat no vero aliquam voluptua et et sed sit.\n","pageCount":1200,"excerpt":"Sea aliquyam commodo ipsum. Ut elitr enim accusam et consetetur. Sadipscing sanctus nonumy dignissim augue eum vulputate feugiat vero dolor duo sit kasd zzril elitr dolores ea aliquyam ea. Dolores et dolores facer amet labore enim nostrud consectetuer aliquyam voluptua takimata zzril minim ipsum ea. Nam no justo imperdiet accusam eos sit hendrerit eos vero kasd ea et lorem diam. Diam ipsum est at dolor ipsum.\nLabore erat eos rebum eos ipsum ea tincidunt dolore ipsum accusam tempor aliquyam sanctus facilisis sed. Sadipscing erat diam laoreet eos no est ipsum in takimata. Sit takimata lorem nisl sed imperdiet doming sit minim et voluptua amet dolor autem rebum invidunt possim zzril. At consequat dolor gubergren sit vero. Consequat diam et nulla tation dolores exerci feugiat sea. Quis stet diam ut dolor voluptua consequat dolor dolores nulla elit liber sit aliquyam. Ex clita labore lorem magna erat erat ipsum tation consequat ea diam. Duo dolore amet nonumy et stet eum kasd eos vulputate aliquyam stet magna sanctus tempor elit labore duis takimata. Sit est amet illum at kasd ipsum sed voluptua takimata vel lobortis voluptua. Labore duo ex ea voluptua justo justo ea sed lorem suscipit facilisis ut te dolore nobis diam. Et sanctus sit ut takimata et diam dolores sit et tempor nostrud in amet autem et.\nClita elitr amet nonumy at dignissim et aliquyam duis. Sit dolore at duo praesent labore diam ipsum et et eum eirmod ipsum dignissim facilisis lorem dolore clita ipsum. Diam rebum et dolore takimata sanctus ipsum lorem amet eirmod lorem et amet blandit. Molestie odio diam sit dignissim voluptua diam laoreet diam facilisis iusto voluptua sit sadipscing erat dolores.\nQuis eirmod diam lorem blandit sed. Clita sea eu kasd amet consetetur et ea dolores gubergren. Elitr consetetur duo qui rebum. Ut takimata erat aliquip elitr vero. Clita sea diam elitr dolor invidunt elit sea vero et diam sea lorem duo lorem odio at. Sit lorem duo ipsum magna et. Accusam amet aliquyam lorem eu dolores. Sit ea nonummy feugait lorem consetetur molestie elitr dolores dolore facilisis sea ipsum. Consequat delenit amet ipsum magna amet. Ipsum lorem eum. Nonummy no amet sanctus no labore est sea gubergren no sit sit ipsum justo in voluptua. Rebum diam lorem eirmod vero stet rebum esse sed nonumy sit tempor. Ipsum tempor consetetur feugiat sit sed voluptua autem ut et sadipscing invidunt kasd. Dolore diam ut diam magna et vero et. Vero hendrerit stet justo et qui et lorem placerat laoreet. Justo assum stet et.\nSanctus ipsum rebum et diam facilisi sit diam accusam. Et doming rebum dolore ea rebum facer nulla in et nulla. Et kasd ipsum in ut voluptua eos. Et ipsum accusam vero justo volutpat dolor aliquyam. Tempor lorem invidunt amet sit dolore stet dignissim dolor et elitr velit magna sea dolor clita ad lorem.\n","publishDate":"2021-12-10T18:09:11.0603004+00:00"},{"id":13,"title":"Book 13","description":"Nonumy consectetuer eos nisl sit est diam aliquam sed dolores clita elitr erat kasd et duis sed nisl. Clita labore ea accusam consetetur. Nonumy rebum tempor duis tempor eirmod quis option duo ea eirmod duo kasd vulputate feugiat sed elitr ut. Voluptua ex dolore. Quis gubergren kasd. Sed amet erat eu ea diam laoreet dolor commodo sit augue. Diam sed no elitr sanctus et sit gubergren elitr sit consetetur vero accumsan elitr duis dolores ea dolores. Sadipscing et vero sit ipsum dolore no kasd ipsum stet sea augue duo esse gubergren. Erat sed consectetuer eum et delenit eos delenit invidunt amet stet euismod et. Commodo eos et. Iriure clita aliquam aliquyam tempor hendrerit sit et erat tation kasd ut laoreet consetetur praesent ipsum luptatum. Eos accusam magna ipsum diam sed imperdiet voluptua ipsum erat voluptua tempor quis aliquip. Labore diam diam velit dolore stet sit diam dolor diam. Dolore sed et. Sadipscing labore et nonumy diam amet. Eos dolor ipsum adipiscing ut autem laoreet facilisis lorem gubergren. Gubergren in dolore labore lorem dolore vero invidunt dolore vel facilisi duis amet est eu stet sit enim sit. Elitr quis elitr ut sit consetetur sit. Lorem erat takimata sea est gubergren et adipiscing eos et vero tempor suscipit takimata in duo vero.\n","pageCount":1300,"excerpt":"Tempor iriure invidunt invidunt suscipit laoreet dolor sed rebum eirmod et sed sanctus hendrerit justo. Iusto magna facilisis ipsum lobortis eos nulla hendrerit invidunt delenit nobis sea tempor invidunt sanctus lorem vulputate. Amet sea vulputate clita possim adipiscing ea vero sadipscing. Voluptua magna euismod illum consequat ea stet duis ut iusto exerci et justo accusam stet gubergren stet. Eirmod zzril aliquip diam est voluptua labore vero et dolor.\nGubergren kasd in sed iriure clita nam nonumy eos sanctus nulla in. Feugait elitr accusam. Feugiat ut volutpat clita consequat kasd et et hendrerit vero sed erat sit consetetur vulputate dolor. Takimata tation diam illum. Dolore praesent ut stet et consetetur lorem labore lorem duo sadipscing sea vero in dolor dolor aliquyam eros consetetur. Consetetur dolor est sanctus elitr clita facilisis quis. Amet est vero amet elitr eum vero at velit quod labore ipsum voluptua et labore zzril invidunt. Ea ipsum ipsum amet dolore dolor suscipit magna te takimata invidunt justo nonumy. No placerat suscipit eos dolor iriure iriure eirmod dignissim dolor ut sit commodo. Nonummy nonummy nam elitr esse elitr consetetur kasd kasd est suscipit esse sadipscing no te illum vero lobortis. Kasd sed ut. Dolore vulputate amet eirmod sit dolor sed sed consetetur gubergren nisl consetetur sadipscing ipsum magna te. Et amet takimata augue diam vulputate et lorem. Et in clita dolore accusam magna eos id dolore zzril diam. Consequat est et dolores ullamcorper molestie dolor duo. Accusam esse gubergren suscipit sanctus sit sed sit. Vero velit consetetur diam aliquyam ut dolore kasd.\nConsectetuer ea erat amet lorem tempor sanctus. Erat et sit esse duo dolore elitr consequat in sadipscing. Sit clita clita ut possim blandit ad amet justo ea sed lorem takimata elitr at magna diam dolore diam. Sanctus ut dolor amet ipsum nulla nonumy no gubergren. Consetetur diam sit blandit sit labore possim dolor duo accusam laoreet invidunt sit dolore ut. Sea volutpat diam aliquyam lobortis diam rebum. Ipsum eos molestie ut erat et accusam. Feugiat erat at dolor magna et dolor ullamcorper magna ut ea elitr takimata. Stet voluptua in clita vero takimata eum erat aliquyam elitr amet et ea. Accusam sadipscing takimata amet sanctus at sanctus consequat kasd. Sea dolore te ullamcorper sit nonumy elitr euismod ea dolore nulla placerat consetetur erat feugiat amet aliquyam cum accusam. No vero ut. Takimata kasd placerat takimata accusam ipsum laoreet voluptua dolor stet diam sed sit facilisis veniam lorem adipiscing sadipscing. Feugait diam ea sit eros est rebum erat tempor.\nTempor et gubergren in vel takimata est tempor justo lorem feugait duo dignissim aliquyam sit nonumy elitr dolores. Rebum eos dolor stet ut mazim stet. Dolor dolore euismod dolor kasd et nonumy zzril ipsum accusam erat aliquyam. Nonumy est no augue eos gubergren amet elitr sit et erat sit sed ea vero ipsum. Dolor duo aliquyam sadipscing invidunt rebum voluptua. At iusto amet erat. Labore invidunt ipsum eros kasd sadipscing stet iusto dolor dolor dolore at elitr praesent sed gubergren. Lorem dolore eirmod clita nam sanctus invidunt ut elitr. Ut qui eirmod zzril. Stet takimata duo labore eos vulputate luptatum. Dolores et aliquip vero labore voluptua nonumy. Eos sit lorem est sit dolor nulla labore euismod ipsum option. Eirmod diam diam est ea. Gubergren est tempor accusam eu. Adipiscing dolore no facer diam gubergren duo amet sanctus stet amet vel ea est justo clita. Nonumy blandit accusam dolore dolore dolore dolor dolor ea tempor takimata dolore illum iriure tincidunt elitr lorem dolores. Aliquip justo erat stet consetetur no rebum. No laoreet dolore sit dolor imperdiet tincidunt dolore accusam. Invidunt nonumy sadipscing nonumy exerci eros sit lorem magna.\nConsetetur amet nulla nulla. Et molestie kasd est esse. Rebum ipsum ipsum sadipscing amet ea ipsum at. Te eros delenit at. Et ut et aliquyam justo. Aliquam vero assum invidunt id sed vero lorem sit gubergren et eros zzril et diam nonumy eos diam. Dolore accusam odio vulputate dolore sit at. Dolore invidunt et clita et nihil. Vel vel eirmod ipsum vero nostrud voluptua nulla magna exerci volutpat ut duo. Magna adipiscing ipsum amet dolor magna luptatum nulla sed iusto et eirmod ex duis sed accusam dolore est vero.\n","publishDate":"2021-12-09T18:09:11.0604672+00:00"},{"id":14,"title":"Book 14","description":"Et te et stet sadipscing volutpat eos dolor sed tempor ut consetetur. Ipsum duis sanctus ipsum erat clita ipsum feugiat praesent ut adipiscing dolores labore est delenit elitr sea. Gubergren dolor et voluptua consetetur sadipscing lorem et diam dolor stet ipsum nonumy elitr sed laoreet sea takimata. Magna sea exerci cum. Sed augue at eu consetetur et feugait minim amet lorem aliquip. Consetetur nonumy rebum nonummy et ipsum lorem lorem et dolores sit ipsum tempor zzril et erat. Amet sit sed et ut blandit ad no diam vero nibh justo feugiat elitr eos dolor amet sit vero. Tation aliquam justo dolore voluptua nisl eirmod gubergren odio amet vero lorem et. Ipsum consequat dolore ut diam. Lorem sea duis ipsum. Sed accusam elitr qui et. Vero in lorem dolore lobortis dolor diam gubergren nihil ea justo duo diam ut dolores ipsum.\n","pageCount":1400,"excerpt":"Ipsum sed aliquip luptatum consetetur tempor no gubergren aliquyam consetetur. Takimata tempor invidunt. Consetetur illum ut nonumy. Vero ipsum vel id elitr ea ipsum eos ipsum. Et minim sit takimata accusam consequat sadipscing diam sea. Vero tempor ipsum dolore justo amet. Voluptua et et amet. Nonumy ipsum lorem justo vulputate rebum sea et vulputate ea lorem consequat erat aliquip lorem ea lorem lorem. Nulla diam lorem vel et ea eirmod accusam est duo eros clita labore qui consetetur dolor sit. Nonumy wisi invidunt sed. Justo sadipscing erat. Vel lobortis amet et. Duis nonumy duo nonumy nonumy te in aliquam vulputate nonumy. Takimata dolor minim et. Ipsum facilisi assum magna gubergren ipsum tempor ipsum tempor nisl et sed voluptua. Erat et sadipscing erat nulla labore et ut justo. Et sanctus ut augue magna dolore luptatum ipsum tempor duo. Elitr duo est eum est.\nStet liber dolor lorem ea magna ut labore zzril gubergren molestie diam eirmod vero lorem diam stet sanctus. Consequat gubergren erat aliquyam et diam. Dolor at nonumy no ut esse et erat eos rebum ea laoreet tation accusam clita zzril dolores ut. Ipsum ipsum imperdiet nibh sed dolores et. Accusam diam sit molestie minim sadipscing eirmod. At duis ullamcorper rebum gubergren. Duis nonumy rebum et vel diam.\nTakimata aliquip no. Vero vero duo diam justo takimata nam sea est amet erat laoreet. Dolore quis duo enim iusto erat ut at dolore kasd et dolores gubergren nonumy. Vero amet nonumy amet duo dolore liber dolor sed ea lorem consequat dolor. Dolore vero sit. Dolores exerci cum duis eros. Amet nostrud lorem tempor consetetur et magna erat amet vero in augue takimata invidunt luptatum rebum elitr zzril sit. Dolores dolore sadipscing gubergren invidunt at. Magna feugiat rebum erat justo. Magna gubergren ut justo adipiscing eos ex lorem soluta in rebum magna ipsum eu sed ea. Ut rebum sit augue dolore congue nostrud magna et et diam. Sadipscing et lobortis sed invidunt elitr amet feugiat rebum clita nonumy rebum adipiscing lobortis. Dolore nibh ipsum duo tincidunt mazim et lorem sit est te.\nSuscipit ut ea in diam ut dolore takimata vero dolor dolor no placerat tempor tempor gubergren duo et. Justo consetetur sit rebum adipiscing iriure. Ullamcorper vero sit aliquyam invidunt diam iusto sadipscing vero est elit takimata ipsum kasd. Erat dignissim doming et amet sit diam aliquyam amet sed justo elitr eirmod erat sed accumsan sed eirmod amet. Diam duis voluptua tincidunt consequat takimata dolore praesent. Molestie id sanctus te est. At ipsum nibh et vero ea ipsum takimata erat eum congue exerci ea no eum iriure sed. Et vel delenit vulputate sanctus ut dolor vero adipiscing erat nisl dolores. Consequat justo cum lobortis ea. Sit eirmod justo dolor dolore dolore duis dolore amet diam tempor nonumy at sed feugiat. Dolor at clita. Invidunt clita tempor elitr quis nonumy. Et lorem sanctus dolore.\nDiam eum no sanctus invidunt justo et sanctus voluptua facer te duo sit accusam. Rebum est eum at et sit autem et diam consequat ea gubergren amet est ipsum quis hendrerit iusto. Et eos invidunt. Duo consequat dolor amet sit sit vel invidunt elitr. Rebum no takimata adipiscing erat sed sadipscing praesent duo eirmod sanctus liber ipsum sadipscing justo. Magna ea eu sadipscing erat kasd no aliquyam ut vero luptatum. Magna nonumy et elitr ea nulla gubergren aliquam iriure sadipscing dolor sadipscing. Lorem justo sit nostrud luptatum et rebum nonumy rebum et in dolores sit lorem ea ad elit et sit. Clita erat facilisi in nonumy. No amet duis laoreet facer nonumy rebum consequat dignissim rebum dolores clita ipsum. Qui sea ea eos sanctus ipsum justo tempor ipsum ut. Diam dolore exerci ipsum labore. Erat imperdiet dolore nostrud mazim amet diam stet est et consetetur eu. Soluta invidunt et tempor sit amet.\n","publishDate":"2021-12-08T18:09:11.0605836+00:00"},{"id":15,"title":"Book 15","description":"Et aliquyam at invidunt sea gubergren at ipsum invidunt facilisis ea adipiscing luptatum vero sadipscing justo diam. Aliquyam diam diam dignissim ipsum et nulla magna aliquyam qui facilisis. No et et delenit kasd clita te no erat justo rebum eros. Stet dolor erat quod eos nobis molestie et sit takimata elitr.\n","pageCount":1500,"excerpt":"Qui dolor diam dolor takimata clita dolore est option labore sanctus sanctus et. Ipsum quod magna blandit invidunt sanctus et. Dolore et luptatum duo ad dolor. Ut option stet eum. Est aliquam lorem ut blandit sit vulputate diam accumsan sed ut assum sadipscing erat minim sadipscing aliquyam magna labore. Gubergren sit elit dolores nisl et erat facilisis justo consectetuer ut elitr. Magna sit no amet et facilisis dolores takimata sea labore ea vel eirmod. In iriure no eros dolore diam consequat labore hendrerit magna rebum sed. Dignissim volutpat est sit clita et amet gubergren labore. Eu illum sit clita ut. Voluptua quis gubergren rebum eos ea dolore labore accusam in ipsum vero lobortis ea at duo. Accusam aliquip sadipscing dolores consequat amet voluptua illum gubergren facilisis et gubergren ea dolor sea et duo mazim duo. Vero sit elitr at et iriure dolor diam ea vulputate exerci. Est ipsum invidunt ut et invidunt sit. Ea dolor et et sanctus consequat euismod aliquyam voluptua rebum velit dolores justo dolor eu nihil clita nostrud sadipscing. Ipsum dolor nulla ea eu magna consetetur at takimata justo amet tempor liber et. Magna kasd et elitr consetetur eirmod diam labore labore dolor. Option dolor hendrerit justo amet dolor tempor iusto et. Lorem dolor dolores.\nErat lorem consetetur dignissim enim dolor amet duis nibh elitr tempor dolore aliquyam amet et sadipscing. Voluptua velit ipsum consetetur erat erat lorem sed clita sit et sadipscing clita nam consetetur ipsum. Suscipit sadipscing aliquyam diam dolores dolore est consequat erat voluptua ea elitr facilisi nulla volutpat takimata duis. Vel clita vero lorem nonummy dolor et esse ea dolore justo dolor elitr lorem justo.\nTe feugait no nonumy erat dolores duo kasd duo et. Eirmod et ut vel duis voluptua suscipit amet at et. Justo dolor rebum dolor at clita exerci kasd dolor vero. Nonumy luptatum cum nulla adipiscing eirmod magna ea eu magna aliquyam takimata. Luptatum et iriure duo ex dignissim erat at nulla. Rebum blandit takimata vel dolore et sed ea sea elit nisl autem labore dolore eirmod nam elitr sed dolor. Exerci dolores tempor option lorem amet nonumy eirmod ad tempor. Suscipit eirmod sit magna invidunt est dolor takimata ipsum facilisis autem dolore diam. Sit sea ea erat. Et kasd diam vero consetetur. Sea hendrerit sit ea veniam et et stet et qui invidunt dolor ea commodo. Sit no est feugiat ullamcorper kasd diam eos. Dolor ipsum sit clita aliquyam eos at eirmod dolor accusam invidunt magna takimata sit diam labore. Et amet no gubergren consetetur eos dolore luptatum et amet volutpat at lorem dolor consequat rebum. Est et gubergren wisi sit diam eos. Dolor dolores facilisis nulla justo eirmod. Ipsum ex gubergren lorem justo consetetur aliquyam lorem accusam dolor dolor exerci consequat. Vero voluptua duo dolore sea odio diam aliquip autem clita aliquip duis amet vero. Vero sea dignissim erat consetetur.\nTakimata invidunt amet ut amet et odio magna est vero ipsum. Adipiscing diam erat takimata stet. Ut et elitr sanctus nonummy ex erat et duo odio sea iriure nostrud sed sit. Ipsum sanctus amet vero dolor sit justo eirmod. Erat erat sadipscing eos accusam accusam est invidunt ut lorem nisl dolore stet dolor diam. Takimata consetetur dolor ipsum et. Ea dolor sadipscing delenit esse stet veniam ipsum sed sed rebum gubergren.\nEt duo nonumy quod eu et. Et elitr amet stet diam kasd et duo. Sadipscing takimata sadipscing ut voluptua sed cum enim ipsum. Tincidunt et quis vulputate vero dolore eos et sit dolor lorem diam lorem dolor invidunt. Et vero sea blandit. Eros ut eirmod ut tation no clita sanctus eos vero. Luptatum elitr molestie diam lorem sit takimata elitr lorem accusam ut consectetuer erat at voluptua.\n","publishDate":"2021-12-07T18:09:11.0606597+00:00"},{"id":16,"title":"Book 16","description":"Lobortis adipiscing luptatum. Duis no lobortis stet sea sit ipsum dolore ut ipsum duis assum. Magna eu quis. Takimata takimata et aliquyam eirmod hendrerit. Gubergren eos delenit sanctus no et sit consectetuer tincidunt. No nibh illum eu option elitr dignissim rebum facer dignissim lorem diam consetetur eum euismod. Dolor sea dolores. Quis gubergren ipsum vel labore eirmod nulla clita eos clita dolor facilisi eu accusam ut dolore ut enim ipsum. Eirmod ipsum nonumy ipsum labore feugiat sit no qui est et. Sea luptatum labore ad nulla diam ipsum nonumy nonumy nonumy. Ipsum at sed rebum nobis minim et wisi diam elitr invidunt dolor amet stet dolore sea invidunt.\n","pageCount":1600,"excerpt":"Sed hendrerit kasd sadipscing tempor dolore ipsum nisl vero lorem sadipscing feugiat sed et amet consectetuer. Erat dignissim rebum illum at sed diam eirmod ut ut consetetur at erat nulla. Diam dolor magna no. Elitr eu accusam diam et ut sed erat et. Dolore sanctus magna nulla aliquip. Stet takimata lorem eos dolor suscipit sed ipsum ut ea nonumy ut dolore et eirmod nonummy elitr feugait. Ea veniam nostrud elitr amet aliquam. Duo amet diam. Praesent vero stet sit sit est nihil justo eros invidunt molestie et. Eu in elitr eirmod tempor accumsan autem vero nonumy diam accusam lorem labore ut.\nLiber dolore dolore ipsum ut duis et laoreet velit nulla. Dolore amet facilisis duo consequat eum duis takimata elit invidunt dolore tation. Ut sadipscing sea sit et et sanctus imperdiet in et et sit ex velit esse vel diam quis sed.\nTakimata nam lorem stet nonumy lorem quod dolores et invidunt et voluptua dolor. Ipsum eirmod stet et sadipscing amet stet et eos et accusam gubergren vero sit sanctus aliquyam duis sit. Commodo odio diam vero zzril. Ut facilisis dolore dolor. Sed labore labore sit et iusto tincidunt nobis nonummy elitr sea et dolor lorem qui eos magna erat. Ullamcorper nulla autem ipsum eos.\nErat dolore cum imperdiet placerat vel takimata odio ea facilisi sea no dolores et sit no ut vero. Est est sit facilisi sadipscing nonumy diam rebum aliquyam et elitr eos iriure sea hendrerit ipsum praesent. Nulla augue et. Sit nulla accusam ea gubergren sed lorem commodo voluptua erat erat diam sed ea sanctus qui. Sed est sanctus ea enim eirmod euismod sed sed elitr lorem ea amet. Ipsum consetetur eirmod dolore eirmod amet amet labore ut elitr zzril. Ut justo ipsum invidunt kasd eos diam voluptua stet takimata dolore dolore sed ipsum et eirmod. Ipsum vel stet magna invidunt eos vero diam blandit dolor voluptua diam. Blandit sed et aliquyam vel consequat duis dolores.\nEirmod et lorem magna cum clita dolores aliquyam adipiscing stet sadipscing option voluptua amet vel dolore. Gubergren velit accumsan et dolore invidunt dolor est aliquam velit sed invidunt suscipit stet. Sit takimata vero dolor zzril duo hendrerit ut enim et vulputate et dolor laoreet consetetur takimata velit accusam te. Accusam ut et sea amet commodo takimata sanctus at iusto takimata ea iriure aliquyam rebum possim invidunt luptatum. Velit tempor et gubergren in hendrerit augue. Et erat tincidunt jus
[...]
 </msg>
<msg timestamp="20211222 15:09:13.726" level="INFO">${RESPOSTA} = &lt;Response [200]&gt;</msg>
<status status="PASS" starttime="20211222 15:09:12.729" endtime="20211222 15:09:13.726"/>
</kw>
<kw name="Log" library="BuiltIn">
<arg>${RESPOSTA.text}</arg>
<doc>Logs the given message with the given level.</doc>
<msg timestamp="20211222 15:09:13.728" level="INFO">{"id":20,"title":"Book 20","description":"Hendrerit et illum diam diam minim amet. Magna ea diam. Stet sadipscing erat dolore justo. Amet ut odio dolor sed doming nonumy erat sadipscing lorem. Velit ipsum velit takimata facilisis duo lorem consetetur suscipit eu et labore erat labore sed. Et tincidunt justo. Sit sit suscipit lorem in eos dolore ea rebum in lorem labore adipiscing amet gubergren nisl. Vulputate doming sit consetetur ex no diam amet nostrud. Duo sanctus eros eros et dolores rebum eirmod no sanctus ipsum sed labore clita ut sit amet amet. Et diam dolores at ea sed dolore dolor te consetetur amet suscipit tempor. Consequat in sed. Sadipscing invidunt nonumy eos velit justo sanctus kasd cum sit cum zzril dolor sed diam. Et magna duo amet facilisi. No no sit gubergren voluptua dolore. Consequat dolores labore justo luptatum invidunt sea dolor. Et magna dolor amet tation delenit at.\n","pageCount":2000,"excerpt":"Amet sanctus nonumy et elitr eleifend justo aliquip stet duo eros sit consectetuer kasd. Tempor in at et elitr duis sea eirmod dolor takimata consetetur. Facer voluptua lorem kasd augue. Et stet accusam sed eirmod et et. Diam amet euismod. Ipsum ipsum no possim consetetur vero. Ipsum takimata luptatum vero ea dolor at amet. Dolores consetetur dolor sed tempor et et et. Velit no duis dolore consectetuer iriure. Lorem et et amet ipsum in augue sit ut sea dolore. Eum elitr labore est gubergren congue et et sed stet rebum ipsum amet eos. Ipsum vero hendrerit option esse voluptua autem magna consectetuer ipsum vero. Autem nonumy soluta. Tempor duis magna luptatum.\nEt eirmod diam amet sed amet. Nonumy sit diam in ipsum no amet vel aliquam tempor luptatum lorem clita enim erat eu sed. Consectetuer suscipit sed justo quod dolores ut voluptua voluptua dolor esse eos elitr. Elitr magna labore vero hendrerit aliquyam sanctus erat sit et erat blandit magna sed. Vero eirmod labore dolore. Clita dolores rebum sit et illum congue sed dolores dolores. Consequat duis eirmod amet hendrerit diam amet at veniam lorem duis clita clita illum. Accusam amet erat dolor dolore ut accusam duo erat sea volutpat feugait kasd sed. Qui amet duis duo justo sit ipsum.\nClita amet labore sed esse vel kasd dolores velit accusam accusam velit. Invidunt eum suscipit et diam et dolore duo accusam lobortis dolores consetetur eos consequat et erat vero nisl. Et clita sed duo vel delenit takimata et vero stet accusam velit. Gubergren ea at lorem amet stet rebum soluta sed takimata sanctus accumsan ut.\nInvidunt amet et amet est. Sea lorem ut diam diam. Ea diam et ipsum ea euismod sadipscing eleifend dolor rebum in clita vel feugiat molestie sit. Dolor dolores erat accusam sit sadipscing eos vulputate. Consequat lorem amet lorem et sanctus sadipscing et kasd amet amet et in est justo justo dolor et. Et ipsum diam sadipscing amet facilisi at.\nDolore possim ipsum esse consectetuer ipsum dolore aliquam gubergren dolor consectetuer labore. Rebum nulla magna no feugait sed invidunt sed et gubergren eirmod ipsum volutpat diam lorem. Et sit erat vel ipsum consetetur tempor adipiscing elitr. Invidunt dolor ea est ut rebum ut kasd magna facilisis lorem at. Esse wisi amet dolores. Dolores no lorem lorem consetetur. Ut kasd erat dolor sed stet. Dolor dolor molestie kasd justo ut eirmod eos. No amet stet takimata dolores clita ea accusam feugait qui. Accusam et exerci duis rebum esse liber takimata et accusam lorem aliquam quis ipsum.\n","publishDate":"2021-12-02T18:09:13.7221893+00:00"}</msg>
<status status="PASS" starttime="20211222 15:09:13.726" endtime="20211222 15:09:13.728"/>
</kw>
<kw name="Set Test Variable" library="BuiltIn">
<arg>${RESPOSTA}</arg>
<doc>Makes a variable available everywhere within the scope of the current test.</doc>
<msg timestamp="20211222 15:09:13.730" level="INFO">${RESPOSTA} = &lt;Response [200]&gt;</msg>
<status status="PASS" starttime="20211222 15:09:13.729" endtime="20211222 15:09:13.730"/>
</kw>
<status status="PASS" starttime="20211222 15:09:12.728" endtime="20211222 15:09:13.730"/>
</kw>
<kw name="Conferir o status code" library="kws_apiautomation">
<arg>200</arg>
<kw name="Should Be Equal As Strings" library="BuiltIn">
<arg>${RESPOSTA.status_code}</arg>
<arg>${STATUS_CODE}</arg>
<doc>Fails if objects are unequal after converting them to strings.</doc>
<msg timestamp="20211222 15:09:13.734" level="INFO">Argument types are:
&lt;class 'int'&gt;
&lt;type 'unicode'&gt;</msg>
<status status="PASS" starttime="20211222 15:09:13.733" endtime="20211222 15:09:13.734"/>
</kw>
<status status="PASS" starttime="20211222 15:09:13.732" endtime="20211222 15:09:13.735"/>
</kw>
<kw name="Conferir o reason" library="kws_apiautomation">
<arg>OK</arg>
<kw name="Should Be Equal As Strings" library="BuiltIn">
<arg>${RESPOSTA.reason}</arg>
<arg>${REASON}</arg>
<doc>Fails if objects are unequal after converting them to strings.</doc>
<status status="PASS" starttime="20211222 15:09:13.737" endtime="20211222 15:09:13.739"/>
</kw>
<status status="PASS" starttime="20211222 15:09:13.735" endtime="20211222 15:09:13.739"/>
</kw>
<kw name="Conferir se retorna todos os dados corretos do livro 20" library="kws_apiautomation">
<kw name="Set Variable" library="BuiltIn">
<var>${JSON_DATA}</var>
<arg>${RESPOSTA.json()}</arg>
<doc>Returns the given values which can then be assigned to a variables.</doc>
<msg timestamp="20211222 15:09:13.741" level="INFO">${JSON_DATA} = {'id': 20, 'title': 'Book 20', 'description': 'Hendrerit et illum diam diam minim amet. Magna ea diam. Stet sadipscing erat dolore justo. Amet ut odio dolor sed doming nonumy erat sadipscing lorem. Ve...</msg>
<status status="PASS" starttime="20211222 15:09:13.740" endtime="20211222 15:09:13.741"/>
</kw>
<kw name="Get From Dictionary" library="Collections">
<var>${ID}</var>
<arg>${JSON_DATA}</arg>
<arg>${DATA.ID}</arg>
<doc>Returns a value from the given ``dictionary`` based on the given ``key``.</doc>
<msg timestamp="20211222 15:09:13.743" level="INFO">${ID} = 20</msg>
<status status="PASS" starttime="20211222 15:09:13.742" endtime="20211222 15:09:13.743"/>
</kw>
<kw name="Get From Dictionary" library="Collections">
<var>${TITLE}</var>
<arg>${JSON_DATA}</arg>
<arg>${DATA.TITLE}</arg>
<doc>Returns a value from the given ``dictionary`` based on the given ``key``.</doc>
<msg timestamp="20211222 15:09:13.744" level="INFO">${TITLE} = Book 20</msg>
<status status="PASS" starttime="20211222 15:09:13.743" endtime="20211222 15:09:13.744"/>
</kw>
<kw name="Get From Dictionary" library="Collections">
<var>${PUBLISH_DATE}</var>
<arg>${JSON_DATA}</arg>
<arg>${DATA.PUBLISH_DATE}</arg>
<doc>Returns a value from the given ``dictionary`` based on the given ``key``.</doc>
<msg timestamp="20211222 15:09:13.745" level="INFO">${PUBLISH_DATE} = 2021-12-02T18:09:13.7221893+00:00</msg>
<status status="PASS" starttime="20211222 15:09:13.744" endtime="20211222 15:09:13.745"/>
</kw>
<status status="PASS" starttime="20211222 15:09:13.740" endtime="20211222 15:09:13.745"/>
</kw>
<tag>TESTE_2</tag>
<status status="PASS" starttime="20211222 15:09:12.724" endtime="20211222 15:09:13.746"/>
</test>
<test id="s1-t3" name="Cenario: Cadastrar um novo livro (POST)">
<kw name="Conectar com a minha API" library="kws_apiautomation" type="SETUP">
<kw name="Create Session" library="RequestsLibrary">
<arg>${API_BOOKS.ALIAS}</arg>
<arg>${API_BOOKS.BASE_URL}</arg>
<arg>disable_warnings=${True}</arg>
<doc>Create Session: create a HTTP session to a server</doc>
<msg timestamp="20211222 15:09:13.750" level="INFO">Creating Session using : alias=booksAPI, url=https://fakerestapi.azurewebsites.net, headers={},                     cookies={}, auth=None, timeout=None, proxies=None, verify=False,                     debug=0 </msg>
<status status="PASS" starttime="20211222 15:09:13.748" endtime="20211222 15:09:13.750"/>
</kw>
<kw name="Create Directory" library="OperatingSystem">
<var>${HEADERS}</var>
<arg>content-type=application/json</arg>
<doc>Creates the specified directory.</doc>
<msg timestamp="20211222 15:09:13.751" level="INFO" html="true">Directory '&lt;a href="file://C:\Users\maicm\Documents\GitHubMM\Dojo-API_Automatio\content-type=application\json"&gt;C:\Users\maicm\Documents\GitHubMM\Dojo-API_Automatio\content-type=application\json&lt;/a&gt;' already exists.</msg>
<msg timestamp="20211222 15:09:13.751" level="INFO">${HEADERS} = None</msg>
<status status="PASS" starttime="20211222 15:09:13.751" endtime="20211222 15:09:13.751"/>
</kw>
<kw name="Set Test Variable" library="BuiltIn">
<arg>${HEADERS}</arg>
<doc>Makes a variable available everywhere within the scope of the current test.</doc>
<msg timestamp="20211222 15:09:13.752" level="INFO">${HEADERS} = None</msg>
<status status="PASS" starttime="20211222 15:09:13.752" endtime="20211222 15:09:13.752"/>
</kw>
<status status="PASS" starttime="20211222 15:09:13.748" endtime="20211222 15:09:13.753"/>
</kw>
<kw name="Cadastrar um novo livro" library="kws_apiautomation">
<kw name="Format String" library="String">
<var>${JSON}</var>
<arg>${DIR.JSON}</arg>
<doc>Formats a ``template`` using the given ``positional`` and ``named`` arguments.</doc>
<msg timestamp="20211222 15:09:13.754" level="INFO" html="true">Reading template from file &lt;a href="C:\Users\maicm\Documents\GitHubMM\Dojo-API_Automatio\src\auto\data\cadastro.json"&gt;C:\Users\maicm\Documents\GitHubMM\Dojo-API_Automatio\src\auto\data\cadastro.json&lt;/a&gt;.</msg>
<msg timestamp="20211222 15:09:13.755" level="INFO">${JSON} = {
    "id": 201,
    "title": "Dumbledores do Nordeste",
    "description": "Nois que voa bruxão",
    "pageCount": 100,
    "excerpt": "Lorem Ipsum is simply dummy text of the printing and typesettin...</msg>
<status status="PASS" starttime="20211222 15:09:13.753" endtime="20211222 15:09:13.755"/>
</kw>
<kw name="Convert String to JSON" library="JSONLibrary">
<var>${SCHEMA_BODY}</var>
<arg>${JSON}</arg>
<doc>Convert String to JSON object</doc>
<msg timestamp="20211222 15:09:13.755" level="INFO">${SCHEMA_BODY} = {'id': 201, 'title': 'Dumbledores do Nordeste', 'description': 'Nois que voa bruxão', 'pageCount': 100, 'excerpt': "Lorem Ipsum is simply dummy text of the printing and typesetting industry. Lorem Ips...</msg>
<status status="PASS" starttime="20211222 15:09:13.755" endtime="20211222 15:09:13.755"/>
</kw>
<kw name="POST On Session" library="RequestsLibrary">
<var>${RESPOSTA}</var>
<arg>${API_BOOKS.ALIAS}</arg>
<arg>${API_BOOKS.ENDPOINT}</arg>
<arg>json=${SCHEMA_BODY}</arg>
<doc>Sends a POST request on a previously created HTTP Session.</doc>
<msg timestamp="20211222 15:09:14.666" level="INFO">POST Request : url=https://fakerestapi.azurewebsites.net/api/v1/Books 
 path_url=/api/v1/Books 
 headers={'User-Agent': 'python-requests/2.26.0', 'Accept-Encoding': 'gzip, deflate', 'Accept': '*/*', 'Connection': 'keep-alive', 'Content-Length': '740', 'Content-Type': 'application/json'} 
 body=b'{"id": 201, "title": "Dumbledores do Nordeste", "description": "Nois que voa brux\\u00e3o", "pageCount": 100, "excerpt": "Lorem Ipsum is simply dummy text of the printing and typesetting industry. Lorem Ipsum has been the industry\'s standard dummy text ever since the 1500s, when an unknown printer took a galley of type and scrambled it to make a type specimen book. It has survived not only five centuries, but also the leap into electronic typesetting, remaining essentially unchanged. It was popularised in the 1960s with the release of Letraset sheets containing Lorem Ipsum passages, and more recently with desktop publishing software like Aldus PageMaker including versions of Lorem Ipsum.", "publishDate": "2021-12-22T14:27:02.464Z"}' 
 </msg>
<msg timestamp="20211222 15:09:14.667" level="INFO">POST Response : url=https://fakerestapi.azurewebsites.net/api/v1/Books 
 status=200, reason=OK 
 headers={'Transfer-Encoding': 'chunked', 'Content-Type': 'application/json; charset=utf-8; v=1.0', 'Server': 'Kestrel', 'api-supported-versions': '1.0', 'Date': 'Wed, 22 Dec 2021 18:09:14 GMT'} 
 body={"id":201,"title":"Dumbledores do Nordeste","description":"Nois que voa bruxão","pageCount":100,"excerpt":"Lorem Ipsum is simply dummy text of the printing and typesetting industry. Lorem Ipsum has been the industry's standard dummy text ever since the 1500s, when an unknown printer took a galley of type and scrambled it to make a type specimen book. It has survived not only five centuries, but also the leap into electronic typesetting, remaining essentially unchanged. It was popularised in the 1960s with the release of Letraset sheets containing Lorem Ipsum passages, and more recently with desktop publishing software like Aldus PageMaker including versions of Lorem Ipsum.","publishDate":"2021-12-22T14:27:02.464Z"} 
 </msg>
<msg timestamp="20211222 15:09:14.667" level="INFO">${RESPOSTA} = &lt;Response [200]&gt;</msg>
<status status="PASS" starttime="20211222 15:09:13.755" endtime="20211222 15:09:14.667"/>
</kw>
<kw name="Log" library="BuiltIn">
<arg>${RESPOSTA.text}</arg>
<doc>Logs the given message with the given level.</doc>
<msg timestamp="20211222 15:09:14.670" level="INFO">{"id":201,"title":"Dumbledores do Nordeste","description":"Nois que voa bruxão","pageCount":100,"excerpt":"Lorem Ipsum is simply dummy text of the printing and typesetting industry. Lorem Ipsum has been the industry's standard dummy text ever since the 1500s, when an unknown printer took a galley of type and scrambled it to make a type specimen book. It has survived not only five centuries, but also the leap into electronic typesetting, remaining essentially unchanged. It was popularised in the 1960s with the release of Letraset sheets containing Lorem Ipsum passages, and more recently with desktop publishing software like Aldus PageMaker including versions of Lorem Ipsum.","publishDate":"2021-12-22T14:27:02.464Z"}</msg>
<status status="PASS" starttime="20211222 15:09:14.668" endtime="20211222 15:09:14.670"/>
</kw>
<kw name="Set Test Variable" library="BuiltIn">
<arg>${RESPOSTA}</arg>
<doc>Makes a variable available everywhere within the scope of the current test.</doc>
<msg timestamp="20211222 15:09:14.671" level="INFO">${RESPOSTA} = &lt;Response [200]&gt;</msg>
<status status="PASS" starttime="20211222 15:09:14.671" endtime="20211222 15:09:14.672"/>
</kw>
<status status="PASS" starttime="20211222 15:09:13.753" endtime="20211222 15:09:14.672"/>
</kw>
<kw name="Conferir o status code" library="kws_apiautomation">
<arg>200</arg>
<kw name="Should Be Equal As Strings" library="BuiltIn">
<arg>${RESPOSTA.status_code}</arg>
<arg>${STATUS_CODE}</arg>
<doc>Fails if objects are unequal after converting them to strings.</doc>
<msg timestamp="20211222 15:09:14.677" level="INFO">Argument types are:
&lt;class 'int'&gt;
&lt;type 'unicode'&gt;</msg>
<status status="PASS" starttime="20211222 15:09:14.675" endtime="20211222 15:09:14.677"/>
</kw>
<status status="PASS" starttime="20211222 15:09:14.674" endtime="20211222 15:09:14.678"/>
</kw>
<kw name="Conferir o reason" library="kws_apiautomation">
<arg>OK</arg>
<kw name="Should Be Equal As Strings" library="BuiltIn">
<arg>${RESPOSTA.reason}</arg>
<arg>${REASON}</arg>
<doc>Fails if objects are unequal after converting them to strings.</doc>
<status status="PASS" starttime="20211222 15:09:14.680" endtime="20211222 15:09:14.682"/>
</kw>
<status status="PASS" starttime="20211222 15:09:14.679" endtime="20211222 15:09:14.683"/>
</kw>
<kw name="Conferir se retorna todos os dados cadastrados do livro &quot;201&quot;" library="kws_apiautomation" sourcename="Conferir se retorna todos os dados cadastrados do livro &quot;${ID_LIVRO}&quot;">
<kw name="Set Variable" library="BuiltIn">
<var>${JSON_DATA}</var>
<arg>${RESPOSTA.json()}</arg>
<doc>Returns the given values which can then be assigned to a variables.</doc>
<msg timestamp="20211222 15:09:14.685" level="INFO">${JSON_DATA} = {'id': 201, 'title': 'Dumbledores do Nordeste', 'description': 'Nois que voa bruxão', 'pageCount': 100, 'excerpt': "Lorem Ipsum is simply dummy text of the printing and typesetting industry. Lorem Ips...</msg>
<status status="PASS" starttime="20211222 15:09:14.684" endtime="20211222 15:09:14.685"/>
</kw>
<kw name="Get From Dictionary" library="Collections">
<var>${ID}</var>
<arg>${JSON_DATA}</arg>
<arg>${DATA.ID}</arg>
<doc>Returns a value from the given ``dictionary`` based on the given ``key``.</doc>
<msg timestamp="20211222 15:09:14.687" level="INFO">${ID} = 201</msg>
<status status="PASS" starttime="20211222 15:09:14.685" endtime="20211222 15:09:14.687"/>
</kw>
<kw name="Get From Dictionary" library="Collections">
<var>${TITLE}</var>
<arg>${JSON_DATA}</arg>
<arg>${DATA.TITLE}</arg>
<doc>Returns a value from the given ``dictionary`` based on the given ``key``.</doc>
<msg timestamp="20211222 15:09:14.688" level="INFO">${TITLE} = Dumbledores do Nordeste</msg>
<status status="PASS" starttime="20211222 15:09:14.687" endtime="20211222 15:09:14.688"/>
</kw>
<kw name="Get From Dictionary" library="Collections">
<var>${DESCRIPTION}</var>
<arg>${JSON_DATA}</arg>
<arg>${DATA.DESCRIPTION}</arg>
<doc>Returns a value from the given ``dictionary`` based on the given ``key``.</doc>
<msg timestamp="20211222 15:09:14.689" level="INFO">${DESCRIPTION} = Nois que voa bruxão</msg>
<status status="PASS" starttime="20211222 15:09:14.688" endtime="20211222 15:09:14.689"/>
</kw>
<kw name="Get From Dictionary" library="Collections">
<var>${PUBLISH_DATE}</var>
<arg>${JSON_DATA}</arg>
<arg>${DATA.PUBLISH_DATE}</arg>
<doc>Returns a value from the given ``dictionary`` based on the given ``key``.</doc>
<msg timestamp="20211222 15:09:14.690" level="INFO">${PUBLISH_DATE} = 2021-12-22T14:27:02.464Z</msg>
<status status="PASS" starttime="20211222 15:09:14.689" endtime="20211222 15:09:14.690"/>
</kw>
<status status="PASS" starttime="20211222 15:09:14.683" endtime="20211222 15:09:14.690"/>
</kw>
<tag>TESTE_3</tag>
<status status="PASS" starttime="20211222 15:09:13.748" endtime="20211222 15:09:14.690"/>
</test>
<doc>Aqui estarão presentes os testes de API do Dojo</doc>
<status status="PASS" starttime="20211222 15:09:09.188" endtime="20211222 15:09:14.692"/>
</suite>
<statistics>
<total>
<stat pass="3" fail="0" skip="0">All Tests</stat>
</total>
<tag>
<stat pass="1" fail="0" skip="0">TESTE_1</stat>
<stat pass="1" fail="0" skip="0">TESTE_2</stat>
<stat pass="1" fail="0" skip="0">TESTE_3</stat>
</tag>
<suite>
<stat pass="3" fail="0" skip="0" id="s1" name="Apiautomation">Apiautomation</stat>
</suite>
</statistics>
<errors>
</errors>
</robot>
